Il file coselog_pattern_08.subs e' stato caricato
La struttura TOPSUB_1.g e' presente 1 volta nel grafo 1
La struttura TOPSUB_1.g e' presente 0 volte nel grafo 2
La struttura TOPSUB_1.g e' presente 1 volta nel grafo 3
La struttura TOPSUB_1.g e' presente 0 volte nel grafo 4
La struttura TOPSUB_1.g e' presente 0 volte nel grafo 5
La struttura TOPSUB_1.g e' presente 0 volte nel grafo 6
La struttura TOPSUB_1.g e' presente 0 volte nel grafo 7
La struttura TOPSUB_1.g e' presente 0 volte nel grafo 8
La struttura TOPSUB_1.g e' presente 0 volte nel grafo 9
La struttura TOPSUB_1.g e' presente 0 volte nel grafo 10
La struttura TOPSUB_1.g e' presente 0 volte nel grafo 11
La struttura TOPSUB_1.g e' presente 0 volte nel grafo 12
La struttura TOPSUB_1.g e' presente 0 volte nel grafo 13
La struttura TOPSUB_1.g e' presente 0 volte nel grafo 14
La struttura TOPSUB_1.g e' presente 1 volta nel grafo 15
La struttura TOPSUB_1.g e' presente 0 volte nel grafo 16
La struttura TOPSUB_1.g e' presente 1 volta nel grafo 17
La struttura TOPSUB_1.g e' presente 1 volta nel grafo 18
La struttura TOPSUB_1.g e' presente 0 volte nel grafo 19
La struttura TOPSUB_1.g e' presente 1 volta nel grafo 20
La struttura TOPSUB_1.g e' presente 0 volte nel grafo 21
La struttura TOPSUB_1.g e' presente 1 volta nel grafo 22
La struttura TOPSUB_1.g e' presente 0 volte nel grafo 23
La struttura TOPSUB_1.g e' presente 1 volta nel grafo 24
La struttura TOPSUB_1.g e' presente 1 volta nel grafo 25
La struttura TOPSUB_1.g e' presente 1 volta nel grafo 26
La struttura TOPSUB_1.g e' presente 0 volte nel grafo 27
La struttura TOPSUB_1.g e' presente 1 volta nel grafo 28
La struttura TOPSUB_1.g e' presente 1 volta nel grafo 29
La struttura TOPSUB_1.g e' presente 1 volta nel grafo 30
La struttura TOPSUB_1.g e' presente 1 volta nel grafo 31
La struttura TOPSUB_1.g e' presente 0 volte nel grafo 32
La struttura TOPSUB_1.g e' presente 1 volta nel grafo 33
La struttura TOPSUB_1.g e' presente 1 volta nel grafo 34
La struttura TOPSUB_1.g e' presente 0 volte nel grafo 35
La struttura TOPSUB_1.g e' presente 1 volta nel grafo 36
La struttura TOPSUB_1.g e' presente 1 volta nel grafo 37
La struttura TOPSUB_1.g e' presente 0 volte nel grafo 38
La struttura TOPSUB_1.g e' presente 1 volta nel grafo 39
La struttura TOPSUB_1.g e' presente 1 volta nel grafo 40
La struttura TOPSUB_1.g e' presente 0 volte nel grafo 41
La struttura TOPSUB_1.g e' presente 0 volte nel grafo 42
La struttura TOPSUB_1.g e' presente 1 volta nel grafo 43
La struttura TOPSUB_1.g e' presente 0 volte nel grafo 44
La struttura TOPSUB_1.g e' presente 0 volte nel grafo 45
La struttura TOPSUB_1.g e' presente 0 volte nel grafo 46
La struttura TOPSUB_1.g e' presente 0 volte nel grafo 47
La struttura TOPSUB_1.g e' presente 1 volta nel grafo 48
La struttura TOPSUB_1.g e' presente 1 volta nel grafo 49
La struttura TOPSUB_1.g e' presente 0 volte nel grafo 50
La struttura TOPSUB_1.g e' presente 1 volta nel grafo 51
La struttura TOPSUB_1.g e' presente 1 volta nel grafo 52
La struttura TOPSUB_1.g e' presente 0 volte nel grafo 53
La struttura TOPSUB_1.g e' presente 0 volte nel grafo 54
La struttura TOPSUB_1.g e' presente 0 volte nel grafo 55

La rappresentativita' di TOPSUB_1.g su coselog_pattern_08.g e' del: 45.455 %

La struttura TOPSUB_2.g e' presente 1 volta nel grafo 1
La struttura TOPSUB_2.g e' presente 1 volta nel grafo 2
La struttura TOPSUB_2.g e' presente 1 volta nel grafo 3
La struttura TOPSUB_2.g e' presente 1 volta nel grafo 4
La struttura TOPSUB_2.g e' presente 1 volta nel grafo 5
La struttura TOPSUB_2.g e' presente 1 volta nel grafo 6
La struttura TOPSUB_2.g e' presente 1 volta nel grafo 7
La struttura TOPSUB_2.g e' presente 1 volta nel grafo 8
La struttura TOPSUB_2.g e' presente 1 volta nel grafo 9
La struttura TOPSUB_2.g e' presente 1 volta nel grafo 10
La struttura TOPSUB_2.g e' presente 1 volta nel grafo 11
La struttura TOPSUB_2.g e' presente 1 volta nel grafo 12
La struttura TOPSUB_2.g e' presente 1 volta nel grafo 13
La struttura TOPSUB_2.g e' presente 1 volta nel grafo 14
La struttura TOPSUB_2.g e' presente 1 volta nel grafo 15
La struttura TOPSUB_2.g e' presente 1 volta nel grafo 16
La struttura TOPSUB_2.g e' presente 1 volta nel grafo 17
La struttura TOPSUB_2.g e' presente 1 volta nel grafo 18
La struttura TOPSUB_2.g e' presente 1 volta nel grafo 19
La struttura TOPSUB_2.g e' presente 1 volta nel grafo 20
La struttura TOPSUB_2.g e' presente 1 volta nel grafo 21
La struttura TOPSUB_2.g e' presente 1 volta nel grafo 22
La struttura TOPSUB_2.g e' presente 1 volta nel grafo 23
La struttura TOPSUB_2.g e' presente 1 volta nel grafo 24
La struttura TOPSUB_2.g e' presente 1 volta nel grafo 25
La struttura TOPSUB_2.g e' presente 1 volta nel grafo 26
La struttura TOPSUB_2.g e' presente 1 volta nel grafo 27
La struttura TOPSUB_2.g e' presente 1 volta nel grafo 28
La struttura TOPSUB_2.g e' presente 1 volta nel grafo 29
La struttura TOPSUB_2.g e' presente 1 volta nel grafo 30
La struttura TOPSUB_2.g e' presente 1 volta nel grafo 31
La struttura TOPSUB_2.g e' presente 1 volta nel grafo 32
La struttura TOPSUB_2.g e' presente 1 volta nel grafo 33
La struttura TOPSUB_2.g e' presente 1 volta nel grafo 34
La struttura TOPSUB_2.g e' presente 1 volta nel grafo 35
La struttura TOPSUB_2.g e' presente 1 volta nel grafo 36
La struttura TOPSUB_2.g e' presente 1 volta nel grafo 37
La struttura TOPSUB_2.g e' presente 1 volta nel grafo 38
La struttura TOPSUB_2.g e' presente 1 volta nel grafo 39
La struttura TOPSUB_2.g e' presente 1 volta nel grafo 40
La struttura TOPSUB_2.g e' presente 1 volta nel grafo 41
La struttura TOPSUB_2.g e' presente 1 volta nel grafo 42
La struttura TOPSUB_2.g e' presente 1 volta nel grafo 43
La struttura TOPSUB_2.g e' presente 1 volta nel grafo 44
La struttura TOPSUB_2.g e' presente 0 volte nel grafo 45
La struttura TOPSUB_2.g e' presente 1 volta nel grafo 46
La struttura TOPSUB_2.g e' presente 1 volta nel grafo 47
La struttura TOPSUB_2.g e' presente 1 volta nel grafo 48
La struttura TOPSUB_2.g e' presente 1 volta nel grafo 49
La struttura TOPSUB_2.g e' presente 1 volta nel grafo 50
La struttura TOPSUB_2.g e' presente 1 volta nel grafo 51
La struttura TOPSUB_2.g e' presente 1 volta nel grafo 52
La struttura TOPSUB_2.g e' presente 1 volta nel grafo 53
La struttura TOPSUB_2.g e' presente 1 volta nel grafo 54
La struttura TOPSUB_2.g e' presente 1 volta nel grafo 55

La rappresentativita' di TOPSUB_2.g su coselog_pattern_08.g e' del: 98.182 %

La struttura TOPSUB_3.g e' presente 0 volte nel grafo 1
La struttura TOPSUB_3.g e' presente 0 volte nel grafo 2
La struttura TOPSUB_3.g e' presente 0 volte nel grafo 3
La struttura TOPSUB_3.g e' presente 0 volte nel grafo 4
La struttura TOPSUB_3.g e' presente 0 volte nel grafo 5
La struttura TOPSUB_3.g e' presente 0 volte nel grafo 6
La struttura TOPSUB_3.g e' presente 0 volte nel grafo 7
La struttura TOPSUB_3.g e' presente 0 volte nel grafo 8
La struttura TOPSUB_3.g e' presente 1 volta nel grafo 9
La struttura TOPSUB_3.g e' presente 0 volte nel grafo 10
La struttura TOPSUB_3.g e' presente 1 volta nel grafo 11
La struttura TOPSUB_3.g e' presente 0 volte nel grafo 12
La struttura TOPSUB_3.g e' presente 0 volte nel grafo 13
La struttura TOPSUB_3.g e' presente 0 volte nel grafo 14
La struttura TOPSUB_3.g e' presente 0 volte nel grafo 15
La struttura TOPSUB_3.g e' presente 0 volte nel grafo 16
La struttura TOPSUB_3.g e' presente 0 volte nel grafo 17
La struttura TOPSUB_3.g e' presente 0 volte nel grafo 18
La struttura TOPSUB_3.g e' presente 0 volte nel grafo 19
La struttura TOPSUB_3.g e' presente 0 volte nel grafo 20
La struttura TOPSUB_3.g e' presente 1 volta nel grafo 21
La struttura TOPSUB_3.g e' presente 0 volte nel grafo 22
La struttura TOPSUB_3.g e' presente 0 volte nel grafo 23
La struttura TOPSUB_3.g e' presente 0 volte nel grafo 24
La struttura TOPSUB_3.g e' presente 0 volte nel grafo 25
La struttura TOPSUB_3.g e' presente 0 volte nel grafo 26
La struttura TOPSUB_3.g e' presente 0 volte nel grafo 27
La struttura TOPSUB_3.g e' presente 0 volte nel grafo 28
La struttura TOPSUB_3.g e' presente 0 volte nel grafo 29
La struttura TOPSUB_3.g e' presente 0 volte nel grafo 30
La struttura TOPSUB_3.g e' presente 0 volte nel grafo 31
La struttura TOPSUB_3.g e' presente 0 volte nel grafo 32
La struttura TOPSUB_3.g e' presente 0 volte nel grafo 33
La struttura TOPSUB_3.g e' presente 0 volte nel grafo 34
La struttura TOPSUB_3.g e' presente 1 volta nel grafo 35
La struttura TOPSUB_3.g e' presente 0 volte nel grafo 36
La struttura TOPSUB_3.g e' presente 0 volte nel grafo 37
La struttura TOPSUB_3.g e' presente 0 volte nel grafo 38
La struttura TOPSUB_3.g e' presente 0 volte nel grafo 39
La struttura TOPSUB_3.g e' presente 0 volte nel grafo 40
La struttura TOPSUB_3.g e' presente 0 volte nel grafo 41
La struttura TOPSUB_3.g e' presente 0 volte nel grafo 42
La struttura TOPSUB_3.g e' presente 0 volte nel grafo 43
La struttura TOPSUB_3.g e' presente 0 volte nel grafo 44
La struttura TOPSUB_3.g e' presente 0 volte nel grafo 45
La struttura TOPSUB_3.g e' presente 1 volta nel grafo 46
La struttura TOPSUB_3.g e' presente 1 volta nel grafo 47
La struttura TOPSUB_3.g e' presente 0 volte nel grafo 48
La struttura TOPSUB_3.g e' presente 0 volte nel grafo 49
La struttura TOPSUB_3.g e' presente 1 volta nel grafo 50
La struttura TOPSUB_3.g e' presente 0 volte nel grafo 51
La struttura TOPSUB_3.g e' presente 0 volte nel grafo 52
La struttura TOPSUB_3.g e' presente 0 volte nel grafo 53
La struttura TOPSUB_3.g e' presente 0 volte nel grafo 54
La struttura TOPSUB_3.g e' presente 0 volte nel grafo 55

La rappresentativita' di TOPSUB_3.g su coselog_pattern_08.g e' del: 12.727 %

La struttura TOPSUB_4.g e' presente 1 volta nel grafo 1
La struttura TOPSUB_4.g e' presente 0 volte nel grafo 2
La struttura TOPSUB_4.g e' presente 1 volta nel grafo 3
La struttura TOPSUB_4.g e' presente 0 volte nel grafo 4
La struttura TOPSUB_4.g e' presente 0 volte nel grafo 5
La struttura TOPSUB_4.g e' presente 0 volte nel grafo 6
La struttura TOPSUB_4.g e' presente 0 volte nel grafo 7
La struttura TOPSUB_4.g e' presente 1 volta nel grafo 8
La struttura TOPSUB_4.g e' presente 0 volte nel grafo 9
La struttura TOPSUB_4.g e' presente 0 volte nel grafo 10
La struttura TOPSUB_4.g e' presente 0 volte nel grafo 11
La struttura TOPSUB_4.g e' presente 0 volte nel grafo 12
La struttura TOPSUB_4.g e' presente 0 volte nel grafo 13
La struttura TOPSUB_4.g e' presente 0 volte nel grafo 14
La struttura TOPSUB_4.g e' presente 1 volta nel grafo 15
La struttura TOPSUB_4.g e' presente 1 volta nel grafo 16
La struttura TOPSUB_4.g e' presente 1 volta nel grafo 17
La struttura TOPSUB_4.g e' presente 1 volta nel grafo 18
La struttura TOPSUB_4.g e' presente 1 volta nel grafo 19
La struttura TOPSUB_4.g e' presente 1 volta nel grafo 20
La struttura TOPSUB_4.g e' presente 0 volte nel grafo 21
La struttura TOPSUB_4.g e' presente 1 volta nel grafo 22
La struttura TOPSUB_4.g e' presente 0 volte nel grafo 23
La struttura TOPSUB_4.g e' presente 1 volta nel grafo 24
La struttura TOPSUB_4.g e' presente 1 volta nel grafo 25
La struttura TOPSUB_4.g e' presente 1 volta nel grafo 26
La struttura TOPSUB_4.g e' presente 0 volte nel grafo 27
La struttura TOPSUB_4.g e' presente 1 volta nel grafo 28
La struttura TOPSUB_4.g e' presente 1 volta nel grafo 29
La struttura TOPSUB_4.g e' presente 1 volta nel grafo 30
La struttura TOPSUB_4.g e' presente 1 volta nel grafo 31
La struttura TOPSUB_4.g e' presente 0 volte nel grafo 32
La struttura TOPSUB_4.g e' presente 1 volta nel grafo 33
La struttura TOPSUB_4.g e' presente 1 volta nel grafo 34
La struttura TOPSUB_4.g e' presente 0 volte nel grafo 35
La struttura TOPSUB_4.g e' presente 1 volta nel grafo 36
La struttura TOPSUB_4.g e' presente 1 volta nel grafo 37
La struttura TOPSUB_4.g e' presente 0 volte nel grafo 38
La struttura TOPSUB_4.g e' presente 1 volta nel grafo 39
La struttura TOPSUB_4.g e' presente 1 volta nel grafo 40
La struttura TOPSUB_4.g e' presente 0 volte nel grafo 41
La struttura TOPSUB_4.g e' presente 1 volta nel grafo 42
La struttura TOPSUB_4.g e' presente 1 volta nel grafo 43
La struttura TOPSUB_4.g e' presente 0 volte nel grafo 44
La struttura TOPSUB_4.g e' presente 0 volte nel grafo 45
La struttura TOPSUB_4.g e' presente 0 volte nel grafo 46
La struttura TOPSUB_4.g e' presente 0 volte nel grafo 47
La struttura TOPSUB_4.g e' presente 1 volta nel grafo 48
La struttura TOPSUB_4.g e' presente 1 volta nel grafo 49
La struttura TOPSUB_4.g e' presente 0 volte nel grafo 50
La struttura TOPSUB_4.g e' presente 1 volta nel grafo 51
La struttura TOPSUB_4.g e' presente 1 volta nel grafo 52
La struttura TOPSUB_4.g e' presente 0 volte nel grafo 53
La struttura TOPSUB_4.g e' presente 0 volte nel grafo 54
La struttura TOPSUB_4.g e' presente 1 volta nel grafo 55

La rappresentativita' di TOPSUB_4.g su coselog_pattern_08.g e' del: 54.545 %

La struttura TOPSUB_7.g e' presente 1 volta nel grafo 1
La struttura TOPSUB_7.g e' presente 1 volta nel grafo 2
La struttura TOPSUB_7.g e' presente 1 volta nel grafo 3
La struttura TOPSUB_7.g e' presente 1 volta nel grafo 4
La struttura TOPSUB_7.g e' presente 1 volta nel grafo 5
La struttura TOPSUB_7.g e' presente 1 volta nel grafo 6
La struttura TOPSUB_7.g e' presente 1 volta nel grafo 7
La struttura TOPSUB_7.g e' presente 1 volta nel grafo 8
La struttura TOPSUB_7.g e' presente 1 volta nel grafo 9
La struttura TOPSUB_7.g e' presente 1 volta nel grafo 10
La struttura TOPSUB_7.g e' presente 1 volta nel grafo 11
La struttura TOPSUB_7.g e' presente 1 volta nel grafo 12
La struttura TOPSUB_7.g e' presente 1 volta nel grafo 13
La struttura TOPSUB_7.g e' presente 1 volta nel grafo 14
La struttura TOPSUB_7.g e' presente 1 volta nel grafo 15
La struttura TOPSUB_7.g e' presente 1 volta nel grafo 16
La struttura TOPSUB_7.g e' presente 1 volta nel grafo 17
La struttura TOPSUB_7.g e' presente 1 volta nel grafo 18
La struttura TOPSUB_7.g e' presente 1 volta nel grafo 19
La struttura TOPSUB_7.g e' presente 1 volta nel grafo 20
La struttura TOPSUB_7.g e' presente 1 volta nel grafo 21
La struttura TOPSUB_7.g e' presente 1 volta nel grafo 22
La struttura TOPSUB_7.g e' presente 1 volta nel grafo 23
La struttura TOPSUB_7.g e' presente 1 volta nel grafo 24
La struttura TOPSUB_7.g e' presente 1 volta nel grafo 25
La struttura TOPSUB_7.g e' presente 1 volta nel grafo 26
La struttura TOPSUB_7.g e' presente 1 volta nel grafo 27
La struttura TOPSUB_7.g e' presente 1 volta nel grafo 28
La struttura TOPSUB_7.g e' presente 1 volta nel grafo 29
La struttura TOPSUB_7.g e' presente 1 volta nel grafo 30
La struttura TOPSUB_7.g e' presente 1 volta nel grafo 31
La struttura TOPSUB_7.g e' presente 0 volte nel grafo 32
La struttura TOPSUB_7.g e' presente 1 volta nel grafo 33
La struttura TOPSUB_7.g e' presente 1 volta nel grafo 34
La struttura TOPSUB_7.g e' presente 1 volta nel grafo 35
La struttura TOPSUB_7.g e' presente 1 volta nel grafo 36
La struttura TOPSUB_7.g e' presente 1 volta nel grafo 37
La struttura TOPSUB_7.g e' presente 1 volta nel grafo 38
La struttura TOPSUB_7.g e' presente 1 volta nel grafo 39
La struttura TOPSUB_7.g e' presente 1 volta nel grafo 40
La struttura TOPSUB_7.g e' presente 0 volte nel grafo 41
La struttura TOPSUB_7.g e' presente 1 volta nel grafo 42
La struttura TOPSUB_7.g e' presente 1 volta nel grafo 43
La struttura TOPSUB_7.g e' presente 1 volta nel grafo 44
La struttura TOPSUB_7.g e' presente 1 volta nel grafo 45
La struttura TOPSUB_7.g e' presente 1 volta nel grafo 46
La struttura TOPSUB_7.g e' presente 1 volta nel grafo 47
La struttura TOPSUB_7.g e' presente 1 volta nel grafo 48
La struttura TOPSUB_7.g e' presente 1 volta nel grafo 49
La struttura TOPSUB_7.g e' presente 0 volte nel grafo 50
La struttura TOPSUB_7.g e' presente 1 volta nel grafo 51
La struttura TOPSUB_7.g e' presente 1 volta nel grafo 52
La struttura TOPSUB_7.g e' presente 1 volta nel grafo 53
La struttura TOPSUB_7.g e' presente 1 volta nel grafo 54
La struttura TOPSUB_7.g e' presente 1 volta nel grafo 55

La rappresentativita' di TOPSUB_7.g su coselog_pattern_08.g e' del: 94.545 %

La struttura TOPSUB_11.g e' presente 1 volta nel grafo 1
La struttura TOPSUB_11.g e' presente 0 volte nel grafo 2
La struttura TOPSUB_11.g e' presente 1 volta nel grafo 3
La struttura TOPSUB_11.g e' presente 0 volte nel grafo 4
La struttura TOPSUB_11.g e' presente 0 volte nel grafo 5
La struttura TOPSUB_11.g e' presente 0 volte nel grafo 6
La struttura TOPSUB_11.g e' presente 0 volte nel grafo 7
La struttura TOPSUB_11.g e' presente 1 volta nel grafo 8
La struttura TOPSUB_11.g e' presente 0 volte nel grafo 9
La struttura TOPSUB_11.g e' presente 0 volte nel grafo 10
La struttura TOPSUB_11.g e' presente 0 volte nel grafo 11
La struttura TOPSUB_11.g e' presente 0 volte nel grafo 12
La struttura TOPSUB_11.g e' presente 0 volte nel grafo 13
La struttura TOPSUB_11.g e' presente 0 volte nel grafo 14
La struttura TOPSUB_11.g e' presente 1 volta nel grafo 15
La struttura TOPSUB_11.g e' presente 1 volta nel grafo 16
La struttura TOPSUB_11.g e' presente 1 volta nel grafo 17
La struttura TOPSUB_11.g e' presente 1 volta nel grafo 18
La struttura TOPSUB_11.g e' presente 1 volta nel grafo 19
La struttura TOPSUB_11.g e' presente 1 volta nel grafo 20
La struttura TOPSUB_11.g e' presente 0 volte nel grafo 21
La struttura TOPSUB_11.g e' presente 1 volta nel grafo 22
La struttura TOPSUB_11.g e' presente 0 volte nel grafo 23
La struttura TOPSUB_11.g e' presente 1 volta nel grafo 24
La struttura TOPSUB_11.g e' presente 1 volta nel grafo 25
La struttura TOPSUB_11.g e' presente 1 volta nel grafo 26
La struttura TOPSUB_11.g e' presente 0 volte nel grafo 27
La struttura TOPSUB_11.g e' presente 1 volta nel grafo 28
La struttura TOPSUB_11.g e' presente 1 volta nel grafo 29
La struttura TOPSUB_11.g e' presente 1 volta nel grafo 30
La struttura TOPSUB_11.g e' presente 1 volta nel grafo 31
La struttura TOPSUB_11.g e' presente 1 volta nel grafo 32
La struttura TOPSUB_11.g e' presente 1 volta nel grafo 33
La struttura TOPSUB_11.g e' presente 1 volta nel grafo 34
La struttura TOPSUB_11.g e' presente 0 volte nel grafo 35
La struttura TOPSUB_11.g e' presente 1 volta nel grafo 36
La struttura TOPSUB_11.g e' presente 1 volta nel grafo 37
La struttura TOPSUB_11.g e' presente 0 volte nel grafo 38
La struttura TOPSUB_11.g e' presente 1 volta nel grafo 39
La struttura TOPSUB_11.g e' presente 1 volta nel grafo 40
La struttura TOPSUB_11.g e' presente 0 volte nel grafo 41
La struttura TOPSUB_11.g e' presente 1 volta nel grafo 42
La struttura TOPSUB_11.g e' presente 1 volta nel grafo 43
La struttura TOPSUB_11.g e' presente 0 volte nel grafo 44
La struttura TOPSUB_11.g e' presente 1 volta nel grafo 45
La struttura TOPSUB_11.g e' presente 0 volte nel grafo 46
La struttura TOPSUB_11.g e' presente 0 volte nel grafo 47
La struttura TOPSUB_11.g e' presente 1 volta nel grafo 48
La struttura TOPSUB_11.g e' presente 1 volta nel grafo 49
La struttura TOPSUB_11.g e' presente 0 volte nel grafo 50
La struttura TOPSUB_11.g e' presente 1 volta nel grafo 51
La struttura TOPSUB_11.g e' presente 1 volta nel grafo 52
La struttura TOPSUB_11.g e' presente 0 volte nel grafo 53
La struttura TOPSUB_11.g e' presente 0 volte nel grafo 54
La struttura TOPSUB_11.g e' presente 1 volta nel grafo 55

La rappresentativita' di TOPSUB_11.g su coselog_pattern_08.g e' del: 58.182 %

La struttura TOPSUB_12.g e' presente 0 volte nel grafo 1
La struttura TOPSUB_12.g e' presente 0 volte nel grafo 2
La struttura TOPSUB_12.g e' presente 0 volte nel grafo 3
La struttura TOPSUB_12.g e' presente 0 volte nel grafo 4
La struttura TOPSUB_12.g e' presente 0 volte nel grafo 5
La struttura TOPSUB_12.g e' presente 0 volte nel grafo 6
La struttura TOPSUB_12.g e' presente 0 volte nel grafo 7
La struttura TOPSUB_12.g e' presente 0 volte nel grafo 8
La struttura TOPSUB_12.g e' presente 0 volte nel grafo 9
La struttura TOPSUB_12.g e' presente 0 volte nel grafo 10
La struttura TOPSUB_12.g e' presente 0 volte nel grafo 11
La struttura TOPSUB_12.g e' presente 3 volte nel grafo 12
La struttura TOPSUB_12.g e' presente 0 volte nel grafo 13
La struttura TOPSUB_12.g e' presente 0 volte nel grafo 14
La struttura TOPSUB_12.g e' presente 0 volte nel grafo 15
La struttura TOPSUB_12.g e' presente 0 volte nel grafo 16
La struttura TOPSUB_12.g e' presente 0 volte nel grafo 17
La struttura TOPSUB_12.g e' presente 0 volte nel grafo 18
La struttura TOPSUB_12.g e' presente 0 volte nel grafo 19
La struttura TOPSUB_12.g e' presente 0 volte nel grafo 20
La struttura TOPSUB_12.g e' presente 0 volte nel grafo 21
La struttura TOPSUB_12.g e' presente 0 volte nel grafo 22
La struttura TOPSUB_12.g e' presente 0 volte nel grafo 23
La struttura TOPSUB_12.g e' presente 0 volte nel grafo 24
La struttura TOPSUB_12.g e' presente 0 volte nel grafo 25
La struttura TOPSUB_12.g e' presente 0 volte nel grafo 26
La struttura TOPSUB_12.g e' presente 0 volte nel grafo 27
La struttura TOPSUB_12.g e' presente 0 volte nel grafo 28
La struttura TOPSUB_12.g e' presente 0 volte nel grafo 29
La struttura TOPSUB_12.g e' presente 0 volte nel grafo 30
La struttura TOPSUB_12.g e' presente 0 volte nel grafo 31
La struttura TOPSUB_12.g e' presente 0 volte nel grafo 32
La struttura TOPSUB_12.g e' presente 0 volte nel grafo 33
La struttura TOPSUB_12.g e' presente 0 volte nel grafo 34
La struttura TOPSUB_12.g e' presente 0 volte nel grafo 35
La struttura TOPSUB_12.g e' presente 0 volte nel grafo 36
La struttura TOPSUB_12.g e' presente 0 volte nel grafo 37
La struttura TOPSUB_12.g e' presente 0 volte nel grafo 38
La struttura TOPSUB_12.g e' presente 0 volte nel grafo 39
La struttura TOPSUB_12.g e' presente 0 volte nel grafo 40
La struttura TOPSUB_12.g e' presente 0 volte nel grafo 41
La struttura TOPSUB_12.g e' presente 0 volte nel grafo 42
La struttura TOPSUB_12.g e' presente 0 volte nel grafo 43
La struttura TOPSUB_12.g e' presente 1 volta nel grafo 44
La struttura TOPSUB_12.g e' presente 0 volte nel grafo 45
La struttura TOPSUB_12.g e' presente 0 volte nel grafo 46
La struttura TOPSUB_12.g e' presente 0 volte nel grafo 47
La struttura TOPSUB_12.g e' presente 0 volte nel grafo 48
La struttura TOPSUB_12.g e' presente 0 volte nel grafo 49
La struttura TOPSUB_12.g e' presente 0 volte nel grafo 50
La struttura TOPSUB_12.g e' presente 0 volte nel grafo 51
La struttura TOPSUB_12.g e' presente 0 volte nel grafo 52
La struttura TOPSUB_12.g e' presente 0 volte nel grafo 53
La struttura TOPSUB_12.g e' presente 0 volte nel grafo 54
La struttura TOPSUB_12.g e' presente 0 volte nel grafo 55

La rappresentativita' di TOPSUB_12.g su coselog_pattern_08.g e' del: 3.636 %

La struttura TOPSUB_17.g e' presente 0 volte nel grafo 1
La struttura TOPSUB_17.g e' presente 0 volte nel grafo 2
La struttura TOPSUB_17.g e' presente 0 volte nel grafo 3
La struttura TOPSUB_17.g e' presente 0 volte nel grafo 4
La struttura TOPSUB_17.g e' presente 0 volte nel grafo 5
La struttura TOPSUB_17.g e' presente 0 volte nel grafo 6
La struttura TOPSUB_17.g e' presente 0 volte nel grafo 7
La struttura TOPSUB_17.g e' presente 0 volte nel grafo 8
La struttura TOPSUB_17.g e' presente 0 volte nel grafo 9
La struttura TOPSUB_17.g e' presente 0 volte nel grafo 10
La struttura TOPSUB_17.g e' presente 0 volte nel grafo 11
La struttura TOPSUB_17.g e' presente 0 volte nel grafo 12
La struttura TOPSUB_17.g e' presente 0 volte nel grafo 13
La struttura TOPSUB_17.g e' presente 0 volte nel grafo 14
La struttura TOPSUB_17.g e' presente 0 volte nel grafo 15
La struttura TOPSUB_17.g e' presente 0 volte nel grafo 16
La struttura TOPSUB_17.g e' presente 0 volte nel grafo 17
La struttura TOPSUB_17.g e' presente 0 volte nel grafo 18
La struttura TOPSUB_17.g e' presente 0 volte nel grafo 19
La struttura TOPSUB_17.g e' presente 0 volte nel grafo 20
La struttura TOPSUB_17.g e' presente 0 volte nel grafo 21
La struttura TOPSUB_17.g e' presente 0 volte nel grafo 22
La struttura TOPSUB_17.g e' presente 0 volte nel grafo 23
La struttura TOPSUB_17.g e' presente 0 volte nel grafo 24
La struttura TOPSUB_17.g e' presente 0 volte nel grafo 25
La struttura TOPSUB_17.g e' presente 0 volte nel grafo 26
La struttura TOPSUB_17.g e' presente 0 volte nel grafo 27
La struttura TOPSUB_17.g e' presente 0 volte nel grafo 28
La struttura TOPSUB_17.g e' presente 0 volte nel grafo 29
La struttura TOPSUB_17.g e' presente 0 volte nel grafo 30
La struttura TOPSUB_17.g e' presente 0 volte nel grafo 31
La struttura TOPSUB_17.g e' presente 0 volte nel grafo 32
La struttura TOPSUB_17.g e' presente 0 volte nel grafo 33
La struttura TOPSUB_17.g e' presente 0 volte nel grafo 34
La struttura TOPSUB_17.g e' presente 0 volte nel grafo 35
La struttura TOPSUB_17.g e' presente 0 volte nel grafo 36
La struttura TOPSUB_17.g e' presente 0 volte nel grafo 37
La struttura TOPSUB_17.g e' presente 0 volte nel grafo 38
La struttura TOPSUB_17.g e' presente 0 volte nel grafo 39
La struttura TOPSUB_17.g e' presente 0 volte nel grafo 40
La struttura TOPSUB_17.g e' presente 0 volte nel grafo 41
La struttura TOPSUB_17.g e' presente 2 volte nel grafo 42
La struttura TOPSUB_17.g e' presente 0 volte nel grafo 43
La struttura TOPSUB_17.g e' presente 0 volte nel grafo 44
La struttura TOPSUB_17.g e' presente 0 volte nel grafo 45
La struttura TOPSUB_17.g e' presente 0 volte nel grafo 46
La struttura TOPSUB_17.g e' presente 0 volte nel grafo 47
La struttura TOPSUB_17.g e' presente 0 volte nel grafo 48
La struttura TOPSUB_17.g e' presente 0 volte nel grafo 49
La struttura TOPSUB_17.g e' presente 0 volte nel grafo 50
La struttura TOPSUB_17.g e' presente 0 volte nel grafo 51
La struttura TOPSUB_17.g e' presente 0 volte nel grafo 52
La struttura TOPSUB_17.g e' presente 0 volte nel grafo 53
La struttura TOPSUB_17.g e' presente 0 volte nel grafo 54
La struttura TOPSUB_17.g e' presente 0 volte nel grafo 55

La rappresentativita' di TOPSUB_17.g su coselog_pattern_08.g e' del: 1.818 %

La struttura TOPSUB_22.g e' presente 0 volte nel grafo 1
La struttura TOPSUB_22.g e' presente 0 volte nel grafo 2
La struttura TOPSUB_22.g e' presente 0 volte nel grafo 3
La struttura TOPSUB_22.g e' presente 0 volte nel grafo 4
La struttura TOPSUB_22.g e' presente 0 volte nel grafo 5
La struttura TOPSUB_22.g e' presente 0 volte nel grafo 6
La struttura TOPSUB_22.g e' presente 1 volta nel grafo 7
La struttura TOPSUB_22.g e' presente 0 volte nel grafo 8
La struttura TOPSUB_22.g e' presente 0 volte nel grafo 9
La struttura TOPSUB_22.g e' presente 0 volte nel grafo 10
La struttura TOPSUB_22.g e' presente 0 volte nel grafo 11
La struttura TOPSUB_22.g e' presente 0 volte nel grafo 12
La struttura TOPSUB_22.g e' presente 0 volte nel grafo 13
La struttura TOPSUB_22.g e' presente 0 volte nel grafo 14
La struttura TOPSUB_22.g e' presente 0 volte nel grafo 15
La struttura TOPSUB_22.g e' presente 0 volte nel grafo 16
La struttura TOPSUB_22.g e' presente 0 volte nel grafo 17
La struttura TOPSUB_22.g e' presente 0 volte nel grafo 18
La struttura TOPSUB_22.g e' presente 0 volte nel grafo 19
La struttura TOPSUB_22.g e' presente 0 volte nel grafo 20
La struttura TOPSUB_22.g e' presente 0 volte nel grafo 21
La struttura TOPSUB_22.g e' presente 0 volte nel grafo 22
La struttura TOPSUB_22.g e' presente 0 volte nel grafo 23
La struttura TOPSUB_22.g e' presente 0 volte nel grafo 24
La struttura TOPSUB_22.g e' presente 0 volte nel grafo 25
La struttura TOPSUB_22.g e' presente 0 volte nel grafo 26
La struttura TOPSUB_22.g e' presente 0 volte nel grafo 27
La struttura TOPSUB_22.g e' presente 0 volte nel grafo 28
La struttura TOPSUB_22.g e' presente 0 volte nel grafo 29
La struttura TOPSUB_22.g e' presente 0 volte nel grafo 30
La struttura TOPSUB_22.g e' presente 0 volte nel grafo 31
La struttura TOPSUB_22.g e' presente 0 volte nel grafo 32
La struttura TOPSUB_22.g e' presente 0 volte nel grafo 33
La struttura TOPSUB_22.g e' presente 0 volte nel grafo 34
La struttura TOPSUB_22.g e' presente 0 volte nel grafo 35
La struttura TOPSUB_22.g e' presente 0 volte nel grafo 36
La struttura TOPSUB_22.g e' presente 0 volte nel grafo 37
La struttura TOPSUB_22.g e' presente 0 volte nel grafo 38
La struttura TOPSUB_22.g e' presente 0 volte nel grafo 39
La struttura TOPSUB_22.g e' presente 0 volte nel grafo 40
La struttura TOPSUB_22.g e' presente 1 volta nel grafo 41
La struttura TOPSUB_22.g e' presente 0 volte nel grafo 42
La struttura TOPSUB_22.g e' presente 0 volte nel grafo 43
La struttura TOPSUB_22.g e' presente 0 volte nel grafo 44
La struttura TOPSUB_22.g e' presente 0 volte nel grafo 45
La struttura TOPSUB_22.g e' presente 0 volte nel grafo 46
La struttura TOPSUB_22.g e' presente 0 volte nel grafo 47
La struttura TOPSUB_22.g e' presente 0 volte nel grafo 48
La struttura TOPSUB_22.g e' presente 0 volte nel grafo 49
La struttura TOPSUB_22.g e' presente 0 volte nel grafo 50
La struttura TOPSUB_22.g e' presente 0 volte nel grafo 51
La struttura TOPSUB_22.g e' presente 0 volte nel grafo 52
La struttura TOPSUB_22.g e' presente 0 volte nel grafo 53
La struttura TOPSUB_22.g e' presente 0 volte nel grafo 54
La struttura TOPSUB_22.g e' presente 0 volte nel grafo 55

La rappresentativita' di TOPSUB_22.g su coselog_pattern_08.g e' del: 3.636 %

La struttura TOPSUB_25.g e' presente 0 volte nel grafo 1
La struttura TOPSUB_25.g e' presente 0 volte nel grafo 2
La struttura TOPSUB_25.g e' presente 0 volte nel grafo 3
La struttura TOPSUB_25.g e' presente 0 volte nel grafo 4
La struttura TOPSUB_25.g e' presente 0 volte nel grafo 5
La struttura TOPSUB_25.g e' presente 1 volta nel grafo 6
La struttura TOPSUB_25.g e' presente 0 volte nel grafo 7
La struttura TOPSUB_25.g e' presente 1 volta nel grafo 8
La struttura TOPSUB_25.g e' presente 0 volte nel grafo 9
La struttura TOPSUB_25.g e' presente 0 volte nel grafo 10
La struttura TOPSUB_25.g e' presente 0 volte nel grafo 11
La struttura TOPSUB_25.g e' presente 0 volte nel grafo 12
La struttura TOPSUB_25.g e' presente 0 volte nel grafo 13
La struttura TOPSUB_25.g e' presente 0 volte nel grafo 14
La struttura TOPSUB_25.g e' presente 0 volte nel grafo 15
La struttura TOPSUB_25.g e' presente 0 volte nel grafo 16
La struttura TOPSUB_25.g e' presente 0 volte nel grafo 17
La struttura TOPSUB_25.g e' presente 0 volte nel grafo 18
La struttura TOPSUB_25.g e' presente 0 volte nel grafo 19
La struttura TOPSUB_25.g e' presente 0 volte nel grafo 20
La struttura TOPSUB_25.g e' presente 0 volte nel grafo 21
La struttura TOPSUB_25.g e' presente 0 volte nel grafo 22
La struttura TOPSUB_25.g e' presente 0 volte nel grafo 23
La struttura TOPSUB_25.g e' presente 0 volte nel grafo 24
La struttura TOPSUB_25.g e' presente 0 volte nel grafo 25
La struttura TOPSUB_25.g e' presente 0 volte nel grafo 26
La struttura TOPSUB_25.g e' presente 0 volte nel grafo 27
La struttura TOPSUB_25.g e' presente 0 volte nel grafo 28
La struttura TOPSUB_25.g e' presente 0 volte nel grafo 29
La struttura TOPSUB_25.g e' presente 0 volte nel grafo 30
La struttura TOPSUB_25.g e' presente 0 volte nel grafo 31
La struttura TOPSUB_25.g e' presente 0 volte nel grafo 32
La struttura TOPSUB_25.g e' presente 0 volte nel grafo 33
La struttura TOPSUB_25.g e' presente 0 volte nel grafo 34
La struttura TOPSUB_25.g e' presente 0 volte nel grafo 35
La struttura TOPSUB_25.g e' presente 0 volte nel grafo 36
La struttura TOPSUB_25.g e' presente 0 volte nel grafo 37
La struttura TOPSUB_25.g e' presente 0 volte nel grafo 38
La struttura TOPSUB_25.g e' presente 0 volte nel grafo 39
La struttura TOPSUB_25.g e' presente 0 volte nel grafo 40
La struttura TOPSUB_25.g e' presente 0 volte nel grafo 41
La struttura TOPSUB_25.g e' presente 0 volte nel grafo 42
La struttura TOPSUB_25.g e' presente 0 volte nel grafo 43
La struttura TOPSUB_25.g e' presente 0 volte nel grafo 44
La struttura TOPSUB_25.g e' presente 0 volte nel grafo 45
La struttura TOPSUB_25.g e' presente 0 volte nel grafo 46
La struttura TOPSUB_25.g e' presente 0 volte nel grafo 47
La struttura TOPSUB_25.g e' presente 0 volte nel grafo 48
La struttura TOPSUB_25.g e' presente 0 volte nel grafo 49
La struttura TOPSUB_25.g e' presente 0 volte nel grafo 50
La struttura TOPSUB_25.g e' presente 0 volte nel grafo 51
La struttura TOPSUB_25.g e' presente 0 volte nel grafo 52
La struttura TOPSUB_25.g e' presente 0 volte nel grafo 53
La struttura TOPSUB_25.g e' presente 0 volte nel grafo 54
La struttura TOPSUB_25.g e' presente 0 volte nel grafo 55

La rappresentativita' di TOPSUB_25.g su coselog_pattern_08.g e' del: 3.636 %

La struttura TOPSUB_26.g e' presente 0 volte nel grafo 1
La struttura TOPSUB_26.g e' presente 0 volte nel grafo 2
La struttura TOPSUB_26.g e' presente 0 volte nel grafo 3
La struttura TOPSUB_26.g e' presente 0 volte nel grafo 4
La struttura TOPSUB_26.g e' presente 0 volte nel grafo 5
La struttura TOPSUB_26.g e' presente 0 volte nel grafo 6
La struttura TOPSUB_26.g e' presente 0 volte nel grafo 7
La struttura TOPSUB_26.g e' presente 0 volte nel grafo 8
La struttura TOPSUB_26.g e' presente 0 volte nel grafo 9
La struttura TOPSUB_26.g e' presente 0 volte nel grafo 10
La struttura TOPSUB_26.g e' presente 0 volte nel grafo 11
La struttura TOPSUB_26.g e' presente 0 volte nel grafo 12
La struttura TOPSUB_26.g e' presente 0 volte nel grafo 13
La struttura TOPSUB_26.g e' presente 0 volte nel grafo 14
La struttura TOPSUB_26.g e' presente 0 volte nel grafo 15
La struttura TOPSUB_26.g e' presente 0 volte nel grafo 16
La struttura TOPSUB_26.g e' presente 0 volte nel grafo 17
La struttura TOPSUB_26.g e' presente 0 volte nel grafo 18
La struttura TOPSUB_26.g e' presente 0 volte nel grafo 19
La struttura TOPSUB_26.g e' presente 0 volte nel grafo 20
La struttura TOPSUB_26.g e' presente 0 volte nel grafo 21
La struttura TOPSUB_26.g e' presente 0 volte nel grafo 22
La struttura TOPSUB_26.g e' presente 4 volte nel grafo 23
La struttura TOPSUB_26.g e' presente 0 volte nel grafo 24
La struttura TOPSUB_26.g e' presente 0 volte nel grafo 25
La struttura TOPSUB_26.g e' presente 0 volte nel grafo 26
La struttura TOPSUB_26.g e' presente 0 volte nel grafo 27
La struttura TOPSUB_26.g e' presente 0 volte nel grafo 28
La struttura TOPSUB_26.g e' presente 0 volte nel grafo 29
La struttura TOPSUB_26.g e' presente 0 volte nel grafo 30
La struttura TOPSUB_26.g e' presente 0 volte nel grafo 31
La struttura TOPSUB_26.g e' presente 0 volte nel grafo 32
La struttura TOPSUB_26.g e' presente 0 volte nel grafo 33
La struttura TOPSUB_26.g e' presente 0 volte nel grafo 34
La struttura TOPSUB_26.g e' presente 0 volte nel grafo 35
La struttura TOPSUB_26.g e' presente 0 volte nel grafo 36
La struttura TOPSUB_26.g e' presente 0 volte nel grafo 37
La struttura TOPSUB_26.g e' presente 2 volte nel grafo 38
La struttura TOPSUB_26.g e' presente 0 volte nel grafo 39
La struttura TOPSUB_26.g e' presente 0 volte nel grafo 40
La struttura TOPSUB_26.g e' presente 0 volte nel grafo 41
La struttura TOPSUB_26.g e' presente 0 volte nel grafo 42
La struttura TOPSUB_26.g e' presente 0 volte nel grafo 43
La struttura TOPSUB_26.g e' presente 0 volte nel grafo 44
La struttura TOPSUB_26.g e' presente 0 volte nel grafo 45
La struttura TOPSUB_26.g e' presente 0 volte nel grafo 46
La struttura TOPSUB_26.g e' presente 0 volte nel grafo 47
La struttura TOPSUB_26.g e' presente 0 volte nel grafo 48
La struttura TOPSUB_26.g e' presente 0 volte nel grafo 49
La struttura TOPSUB_26.g e' presente 0 volte nel grafo 50
La struttura TOPSUB_26.g e' presente 0 volte nel grafo 51
La struttura TOPSUB_26.g e' presente 0 volte nel grafo 52
La struttura TOPSUB_26.g e' presente 0 volte nel grafo 53
La struttura TOPSUB_26.g e' presente 0 volte nel grafo 54
La struttura TOPSUB_26.g e' presente 0 volte nel grafo 55

La rappresentativita' di TOPSUB_26.g su coselog_pattern_08.g e' del: 3.636 %

La struttura TOPSUB_42.g e' presente 0 volte nel grafo 1
La struttura TOPSUB_42.g e' presente 0 volte nel grafo 2
La struttura TOPSUB_42.g e' presente 0 volte nel grafo 3
La struttura TOPSUB_42.g e' presente 1 volta nel grafo 4
La struttura TOPSUB_42.g e' presente 0 volte nel grafo 5
La struttura TOPSUB_42.g e' presente 0 volte nel grafo 6
La struttura TOPSUB_42.g e' presente 0 volte nel grafo 7
La struttura TOPSUB_42.g e' presente 0 volte nel grafo 8
La struttura TOPSUB_42.g e' presente 0 volte nel grafo 9
La struttura TOPSUB_42.g e' presente 0 volte nel grafo 10
La struttura TOPSUB_42.g e' presente 0 volte nel grafo 11
La struttura TOPSUB_42.g e' presente 0 volte nel grafo 12
La struttura TOPSUB_42.g e' presente 0 volte nel grafo 13
La struttura TOPSUB_42.g e' presente 0 volte nel grafo 14
La struttura TOPSUB_42.g e' presente 0 volte nel grafo 15
La struttura TOPSUB_42.g e' presente 0 volte nel grafo 16
La struttura TOPSUB_42.g e' presente 0 volte nel grafo 17
La struttura TOPSUB_42.g e' presente 0 volte nel grafo 18
La struttura TOPSUB_42.g e' presente 0 volte nel grafo 19
La struttura TOPSUB_42.g e' presente 0 volte nel grafo 20
La struttura TOPSUB_42.g e' presente 0 volte nel grafo 21
La struttura TOPSUB_42.g e' presente 0 volte nel grafo 22
La struttura TOPSUB_42.g e' presente 0 volte nel grafo 23
La struttura TOPSUB_42.g e' presente 0 volte nel grafo 24
La struttura TOPSUB_42.g e' presente 0 volte nel grafo 25
La struttura TOPSUB_42.g e' presente 0 volte nel grafo 26
La struttura TOPSUB_42.g e' presente 0 volte nel grafo 27
La struttura TOPSUB_42.g e' presente 0 volte nel grafo 28
La struttura TOPSUB_42.g e' presente 0 volte nel grafo 29
La struttura TOPSUB_42.g e' presente 0 volte nel grafo 30
La struttura TOPSUB_42.g e' presente 0 volte nel grafo 31
La struttura TOPSUB_42.g e' presente 0 volte nel grafo 32
La struttura TOPSUB_42.g e' presente 0 volte nel grafo 33
La struttura TOPSUB_42.g e' presente 0 volte nel grafo 34
La struttura TOPSUB_42.g e' presente 0 volte nel grafo 35
La struttura TOPSUB_42.g e' presente 0 volte nel grafo 36
La struttura TOPSUB_42.g e' presente 0 volte nel grafo 37
La struttura TOPSUB_42.g e' presente 0 volte nel grafo 38
La struttura TOPSUB_42.g e' presente 0 volte nel grafo 39
La struttura TOPSUB_42.g e' presente 0 volte nel grafo 40
La struttura TOPSUB_42.g e' presente 0 volte nel grafo 41
La struttura TOPSUB_42.g e' presente 0 volte nel grafo 42
La struttura TOPSUB_42.g e' presente 0 volte nel grafo 43
La struttura TOPSUB_42.g e' presente 1 volta nel grafo 44
La struttura TOPSUB_42.g e' presente 0 volte nel grafo 45
La struttura TOPSUB_42.g e' presente 0 volte nel grafo 46
La struttura TOPSUB_42.g e' presente 0 volte nel grafo 47
La struttura TOPSUB_42.g e' presente 0 volte nel grafo 48
La struttura TOPSUB_42.g e' presente 0 volte nel grafo 49
La struttura TOPSUB_42.g e' presente 0 volte nel grafo 50
La struttura TOPSUB_42.g e' presente 0 volte nel grafo 51
La struttura TOPSUB_42.g e' presente 0 volte nel grafo 52
La struttura TOPSUB_42.g e' presente 0 volte nel grafo 53
La struttura TOPSUB_42.g e' presente 0 volte nel grafo 54
La struttura TOPSUB_42.g e' presente 0 volte nel grafo 55

La rappresentativita' di TOPSUB_42.g su coselog_pattern_08.g e' del: 3.636 %

La struttura TOPSUB_44.g e' presente 0 volte nel grafo 1
La struttura TOPSUB_44.g e' presente 0 volte nel grafo 2
La struttura TOPSUB_44.g e' presente 0 volte nel grafo 3
La struttura TOPSUB_44.g e' presente 0 volte nel grafo 4
La struttura TOPSUB_44.g e' presente 1 volta nel grafo 5
La struttura TOPSUB_44.g e' presente 0 volte nel grafo 6
La struttura TOPSUB_44.g e' presente 0 volte nel grafo 7
La struttura TOPSUB_44.g e' presente 0 volte nel grafo 8
La struttura TOPSUB_44.g e' presente 0 volte nel grafo 9
La struttura TOPSUB_44.g e' presente 0 volte nel grafo 10
La struttura TOPSUB_44.g e' presente 0 volte nel grafo 11
La struttura TOPSUB_44.g e' presente 0 volte nel grafo 12
La struttura TOPSUB_44.g e' presente 0 volte nel grafo 13
La struttura TOPSUB_44.g e' presente 0 volte nel grafo 14
La struttura TOPSUB_44.g e' presente 0 volte nel grafo 15
La struttura TOPSUB_44.g e' presente 0 volte nel grafo 16
La struttura TOPSUB_44.g e' presente 0 volte nel grafo 17
La struttura TOPSUB_44.g e' presente 0 volte nel grafo 18
La struttura TOPSUB_44.g e' presente 0 volte nel grafo 19
La struttura TOPSUB_44.g e' presente 0 volte nel grafo 20
La struttura TOPSUB_44.g e' presente 0 volte nel grafo 21
La struttura TOPSUB_44.g e' presente 0 volte nel grafo 22
La struttura TOPSUB_44.g e' presente 0 volte nel grafo 23
La struttura TOPSUB_44.g e' presente 0 volte nel grafo 24
La struttura TOPSUB_44.g e' presente 0 volte nel grafo 25
La struttura TOPSUB_44.g e' presente 0 volte nel grafo 26
La struttura TOPSUB_44.g e' presente 0 volte nel grafo 27
La struttura TOPSUB_44.g e' presente 0 volte nel grafo 28
La struttura TOPSUB_44.g e' presente 0 volte nel grafo 29
La struttura TOPSUB_44.g e' presente 0 volte nel grafo 30
La struttura TOPSUB_44.g e' presente 0 volte nel grafo 31
La struttura TOPSUB_44.g e' presente 0 volte nel grafo 32
La struttura TOPSUB_44.g e' presente 0 volte nel grafo 33
La struttura TOPSUB_44.g e' presente 0 volte nel grafo 34
La struttura TOPSUB_44.g e' presente 0 volte nel grafo 35
La struttura TOPSUB_44.g e' presente 0 volte nel grafo 36
La struttura TOPSUB_44.g e' presente 0 volte nel grafo 37
La struttura TOPSUB_44.g e' presente 0 volte nel grafo 38
La struttura TOPSUB_44.g e' presente 0 volte nel grafo 39
La struttura TOPSUB_44.g e' presente 0 volte nel grafo 40
La struttura TOPSUB_44.g e' presente 0 volte nel grafo 41
La struttura TOPSUB_44.g e' presente 0 volte nel grafo 42
La struttura TOPSUB_44.g e' presente 0 volte nel grafo 43
La struttura TOPSUB_44.g e' presente 0 volte nel grafo 44
La struttura TOPSUB_44.g e' presente 0 volte nel grafo 45
La struttura TOPSUB_44.g e' presente 0 volte nel grafo 46
La struttura TOPSUB_44.g e' presente 0 volte nel grafo 47
La struttura TOPSUB_44.g e' presente 0 volte nel grafo 48
La struttura TOPSUB_44.g e' presente 0 volte nel grafo 49
La struttura TOPSUB_44.g e' presente 0 volte nel grafo 50
La struttura TOPSUB_44.g e' presente 0 volte nel grafo 51
La struttura TOPSUB_44.g e' presente 0 volte nel grafo 52
La struttura TOPSUB_44.g e' presente 0 volte nel grafo 53
La struttura TOPSUB_44.g e' presente 0 volte nel grafo 54
La struttura TOPSUB_44.g e' presente 0 volte nel grafo 55

La rappresentativita' di TOPSUB_44.g su coselog_pattern_08.g e' del: 1.818 %

La struttura TOPSUB_50.g e' presente 0 volte nel grafo 1
La struttura TOPSUB_50.g e' presente 0 volte nel grafo 2
La struttura TOPSUB_50.g e' presente 0 volte nel grafo 3
La struttura TOPSUB_50.g e' presente 0 volte nel grafo 4
La struttura TOPSUB_50.g e' presente 0 volte nel grafo 5
La struttura TOPSUB_50.g e' presente 0 volte nel grafo 6
La struttura TOPSUB_50.g e' presente 0 volte nel grafo 7
La struttura TOPSUB_50.g e' presente 0 volte nel grafo 8
La struttura TOPSUB_50.g e' presente 0 volte nel grafo 9
La struttura TOPSUB_50.g e' presente 0 volte nel grafo 10
La struttura TOPSUB_50.g e' presente 0 volte nel grafo 11
La struttura TOPSUB_50.g e' presente 0 volte nel grafo 12
La struttura TOPSUB_50.g e' presente 0 volte nel grafo 13
La struttura TOPSUB_50.g e' presente 0 volte nel grafo 14
La struttura TOPSUB_50.g e' presente 0 volte nel grafo 15
La struttura TOPSUB_50.g e' presente 0 volte nel grafo 16
La struttura TOPSUB_50.g e' presente 0 volte nel grafo 17
La struttura TOPSUB_50.g e' presente 0 volte nel grafo 18
La struttura TOPSUB_50.g e' presente 0 volte nel grafo 19
La struttura TOPSUB_50.g e' presente 0 volte nel grafo 20
La struttura TOPSUB_50.g e' presente 0 volte nel grafo 21
La struttura TOPSUB_50.g e' presente 0 volte nel grafo 22
La struttura TOPSUB_50.g e' presente 0 volte nel grafo 23
La struttura TOPSUB_50.g e' presente 0 volte nel grafo 24
La struttura TOPSUB_50.g e' presente 0 volte nel grafo 25
La struttura TOPSUB_50.g e' presente 0 volte nel grafo 26
La struttura TOPSUB_50.g e' presente 0 volte nel grafo 27
La struttura TOPSUB_50.g e' presente 0 volte nel grafo 28
La struttura TOPSUB_50.g e' presente 0 volte nel grafo 29
La struttura TOPSUB_50.g e' presente 0 volte nel grafo 30
La struttura TOPSUB_50.g e' presente 0 volte nel grafo 31
La struttura TOPSUB_50.g e' presente 0 volte nel grafo 32
La struttura TOPSUB_50.g e' presente 0 volte nel grafo 33
La struttura TOPSUB_50.g e' presente 0 volte nel grafo 34
La struttura TOPSUB_50.g e' presente 0 volte nel grafo 35
La struttura TOPSUB_50.g e' presente 0 volte nel grafo 36
La struttura TOPSUB_50.g e' presente 0 volte nel grafo 37
La struttura TOPSUB_50.g e' presente 0 volte nel grafo 38
La struttura TOPSUB_50.g e' presente 0 volte nel grafo 39
La struttura TOPSUB_50.g e' presente 0 volte nel grafo 40
La struttura TOPSUB_50.g e' presente 1 volta nel grafo 41
La struttura TOPSUB_50.g e' presente 0 volte nel grafo 42
La struttura TOPSUB_50.g e' presente 0 volte nel grafo 43
La struttura TOPSUB_50.g e' presente 0 volte nel grafo 44
La struttura TOPSUB_50.g e' presente 0 volte nel grafo 45
La struttura TOPSUB_50.g e' presente 0 volte nel grafo 46
La struttura TOPSUB_50.g e' presente 0 volte nel grafo 47
La struttura TOPSUB_50.g e' presente 0 volte nel grafo 48
La struttura TOPSUB_50.g e' presente 0 volte nel grafo 49
La struttura TOPSUB_50.g e' presente 0 volte nel grafo 50
La struttura TOPSUB_50.g e' presente 0 volte nel grafo 51
La struttura TOPSUB_50.g e' presente 0 volte nel grafo 52
La struttura TOPSUB_50.g e' presente 0 volte nel grafo 53
La struttura TOPSUB_50.g e' presente 0 volte nel grafo 54
La struttura TOPSUB_50.g e' presente 0 volte nel grafo 55

La rappresentativita' di TOPSUB_50.g su coselog_pattern_08.g e' del: 1.818 %

La struttura TOPSUB_57.g e' presente 0 volte nel grafo 1
La struttura TOPSUB_57.g e' presente 0 volte nel grafo 2
La struttura TOPSUB_57.g e' presente 0 volte nel grafo 3
La struttura TOPSUB_57.g e' presente 0 volte nel grafo 4
La struttura TOPSUB_57.g e' presente 0 volte nel grafo 5
La struttura TOPSUB_57.g e' presente 0 volte nel grafo 6
La struttura TOPSUB_57.g e' presente 0 volte nel grafo 7
La struttura TOPSUB_57.g e' presente 0 volte nel grafo 8
La struttura TOPSUB_57.g e' presente 0 volte nel grafo 9
La struttura TOPSUB_57.g e' presente 0 volte nel grafo 10
La struttura TOPSUB_57.g e' presente 0 volte nel grafo 11
La struttura TOPSUB_57.g e' presente 0 volte nel grafo 12
La struttura TOPSUB_57.g e' presente 0 volte nel grafo 13
La struttura TOPSUB_57.g e' presente 0 volte nel grafo 14
La struttura TOPSUB_57.g e' presente 0 volte nel grafo 15
La struttura TOPSUB_57.g e' presente 0 volte nel grafo 16
La struttura TOPSUB_57.g e' presente 0 volte nel grafo 17
La struttura TOPSUB_57.g e' presente 0 volte nel grafo 18
La struttura TOPSUB_57.g e' presente 0 volte nel grafo 19
La struttura TOPSUB_57.g e' presente 0 volte nel grafo 20
La struttura TOPSUB_57.g e' presente 0 volte nel grafo 21
La struttura TOPSUB_57.g e' presente 0 volte nel grafo 22
La struttura TOPSUB_57.g e' presente 0 volte nel grafo 23
La struttura TOPSUB_57.g e' presente 0 volte nel grafo 24
La struttura TOPSUB_57.g e' presente 0 volte nel grafo 25
La struttura TOPSUB_57.g e' presente 0 volte nel grafo 26
La struttura TOPSUB_57.g e' presente 0 volte nel grafo 27
La struttura TOPSUB_57.g e' presente 0 volte nel grafo 28
La struttura TOPSUB_57.g e' presente 0 volte nel grafo 29
La struttura TOPSUB_57.g e' presente 0 volte nel grafo 30
La struttura TOPSUB_57.g e' presente 0 volte nel grafo 31
La struttura TOPSUB_57.g e' presente 0 volte nel grafo 32
La struttura TOPSUB_57.g e' presente 0 volte nel grafo 33
La struttura TOPSUB_57.g e' presente 0 volte nel grafo 34
La struttura TOPSUB_57.g e' presente 0 volte nel grafo 35
La struttura TOPSUB_57.g e' presente 0 volte nel grafo 36
La struttura TOPSUB_57.g e' presente 0 volte nel grafo 37
La struttura TOPSUB_57.g e' presente 0 volte nel grafo 38
La struttura TOPSUB_57.g e' presente 0 volte nel grafo 39
La struttura TOPSUB_57.g e' presente 0 volte nel grafo 40
La struttura TOPSUB_57.g e' presente 1 volta nel grafo 41
La struttura TOPSUB_57.g e' presente 0 volte nel grafo 42
La struttura TOPSUB_57.g e' presente 0 volte nel grafo 43
La struttura TOPSUB_57.g e' presente 0 volte nel grafo 44
La struttura TOPSUB_57.g e' presente 0 volte nel grafo 45
La struttura TOPSUB_57.g e' presente 0 volte nel grafo 46
La struttura TOPSUB_57.g e' presente 0 volte nel grafo 47
La struttura TOPSUB_57.g e' presente 0 volte nel grafo 48
La struttura TOPSUB_57.g e' presente 0 volte nel grafo 49
La struttura TOPSUB_57.g e' presente 0 volte nel grafo 50
La struttura TOPSUB_57.g e' presente 0 volte nel grafo 51
La struttura TOPSUB_57.g e' presente 0 volte nel grafo 52
La struttura TOPSUB_57.g e' presente 0 volte nel grafo 53
La struttura TOPSUB_57.g e' presente 0 volte nel grafo 54
La struttura TOPSUB_57.g e' presente 0 volte nel grafo 55

La rappresentativita' di TOPSUB_57.g su coselog_pattern_08.g e' del: 1.818 %


Il calcolo della rappresentativita' ha richiesto circa 3 secondi
