Il file h110_labour_modello_coretto.subs e' stato caricato
Il file temp/SUB_1.g e' stato caricato
Il file temp/SUB_2.g e' stato caricato
Il file temp/SUB_3.g e' stato caricato
Il file temp/SUB_4.g e' stato caricato
Il file temp/SUB_5.g e' stato caricato
Il file temp/SUB_6.g e' stato caricato
Il file temp/SUB_7.g e' stato caricato
Il file temp/SUB_8.g e' stato caricato
Il file temp/SUB_9.g e' stato caricato
Il file temp/SUB_10.g e' stato caricato
Il file temp/SUB_11.g e' stato caricato
Il file temp/SUB_12.g e' stato caricato
Il file temp/SUB_13.g e' stato caricato
Il file temp/SUB_14.g e' stato caricato
Il file temp/SUB_15.g e' stato caricato
Il file temp/SUB_16.g e' stato caricato
Il file temp/SUB_17.g e' stato caricato
Il file temp/SUB_18.g e' stato caricato
Il file temp/SUB_19.g e' stato caricato
Il file temp/SUB_20.g e' stato caricato
Il file temp/SUB_21.g e' stato caricato
Il file temp/SUB_22.g e' stato caricato
Il file temp/SUB_23.g e' stato caricato
Il file temp/SUB_24.g e' stato caricato
Il file temp/SUB_25.g e' stato caricato
Il file temp/SUB_26.g e' stato caricato
Il file temp/SUB_27.g e' stato caricato
Il file temp/SUB_28.g e' stato caricato
Il file temp/SUB_29.g e' stato caricato
Il file temp/SUB_30.g e' stato caricato
Il file temp/SUB_31.g e' stato caricato
Il file temp/SUB_32.g e' stato caricato
Il file temp/SUB_33.g e' stato caricato
Il file temp/SUB_34.g e' stato caricato
Il file temp/SUB_35.g e' stato caricato
Il file temp/SUB_36.g e' stato caricato
Il file temp/SUB_37.g e' stato caricato
Il file temp/SUB_38.g e' stato caricato
Il file temp/SUB_39.g e' stato caricato
Il file temp/SUB_40.g e' stato caricato
Il file temp/SUB_41.g e' stato caricato
Il file temp/SUB_42.g e' stato caricato
Il file temp/SUB_43.g e' stato caricato
Il file temp/SUB_44.g e' stato caricato
Il file temp/SUB_45.g e' stato caricato
Il file temp/SUB_46.g e' stato caricato
Il file temp/SUB_47.g e' stato caricato
Il file temp/SUB_48.g e' stato caricato
Il file temp/SUB_49.g e' stato caricato
Il file temp/SUB_50.g e' stato caricato
Il file temp/SUB_51.g e' stato caricato
Il file temp/SUB_52.g e' stato caricato
Il file temp/SUB_53.g e' stato caricato
Il file temp/SUB_54.g e' stato caricato
Il file temp/SUB_55.g e' stato caricato
Il file temp/SUB_56.g e' stato caricato
Il file temp/SUB_57.g e' stato caricato
Il file temp/SUB_58.g e' stato caricato
Il file temp/SUB_59.g e' stato caricato
Il file temp/SUB_60.g e' stato caricato
Il file temp/SUB_61.g e' stato caricato
Il file temp/SUB_62.g e' stato caricato
Il file temp/SUB_63.g e' stato caricato
Il file temp/SUB_64.g e' stato caricato
Il file temp/SUB_65.g e' stato caricato
Il file temp/SUB_66.g e' stato caricato
Il file temp/SUB_67.g e' stato caricato
Il file temp/SUB_68.g e' stato caricato
Il file temp/SUB_69.g e' stato caricato
Il file temp/SUB_70.g e' stato caricato
Il file temp/SUB_71.g e' stato caricato
Il file temp/SUB_72.g e' stato caricato
Il file temp/SUB_73.g e' stato caricato
Il file temp/SUB_74.g e' stato caricato
Il file temp/SUB_75.g e' stato caricato
Il file temp/SUB_76.g e' stato caricato
Il file temp/SUB_77.g e' stato caricato
Il file temp/SUB_78.g e' stato caricato
Il file temp/SUB_79.g e' stato caricato
Il file temp/SUB_80.g e' stato caricato
Il file temp/SUB_81.g e' stato caricato
Il file temp/SUB_82.g e' stato caricato
Il file temp/SUB_83.g e' stato caricato
Il file temp/SUB_84.g e' stato caricato
Il file temp/SUB_85.g e' stato caricato
Il file temp/SUB_86.g e' stato caricato
Il file temp/SUB_87.g e' stato caricato
Il file temp/SUB_88.g e' stato caricato
Il file temp/SUB_89.g e' stato caricato
Il file temp/SUB_90.g e' stato caricato
Il file temp/SUB_91.g e' stato caricato
Il file temp/SUB_92.g e' stato caricato
Il file temp/SUB_93.g e' stato caricato
Il file temp/SUB_94.g e' stato caricato
Il file temp/SUB_95.g e' stato caricato
Il file temp/SUB_96.g e' stato caricato
Il file temp/SUB_97.g e' stato caricato
Il file temp/SUB_98.g e' stato caricato
Il file temp/SUB_99.g e' stato caricato
Il file temp/SUB_100.g e' stato caricato
Il file temp/SUB_101.g e' stato caricato
Il file temp/SUB_102.g e' stato caricato
Il file temp/SUB_103.g e' stato caricato
Il file temp/SUB_104.g e' stato caricato
Il file temp/SUB_105.g e' stato caricato
Il file temp/SUB_106.g e' stato caricato
Il file temp/SUB_107.g e' stato caricato
Il file temp/SUB_108.g e' stato caricato
Il file temp/SUB_109.g e' stato caricato
Il file temp/SUB_110.g e' stato caricato
Il file temp/SUB_111.g e' stato caricato
Il file temp/SUB_112.g e' stato caricato
Il file temp/SUB_113.g e' stato caricato
Il file temp/SUB_114.g e' stato caricato
Il file temp/SUB_115.g e' stato caricato
Il file temp/SUB_116.g e' stato caricato
Il file temp/SUB_117.g e' stato caricato
Il file temp/SUB_118.g e' stato caricato
Il file temp/SUB_119.g e' stato caricato
Il file temp/SUB_120.g e' stato caricato
Il file temp/SUB_121.g e' stato caricato
Il file temp/SUB_122.g e' stato caricato
Il file temp/SUB_123.g e' stato caricato
Il file temp/SUB_124.g e' stato caricato
Il file temp/SUB_125.g e' stato caricato
Il file temp/SUB_126.g e' stato caricato
Il file temp/SUB_127.g e' stato caricato
Il file temp/SUB_128.g e' stato caricato
Il file temp/SUB_129.g e' stato caricato
Il file temp/SUB_130.g e' stato caricato
Il file temp/SUB_131.g e' stato caricato
Il file temp/SUB_132.g e' stato caricato
Il file temp/SUB_133.g e' stato caricato
Il file temp/SUB_134.g e' stato caricato
Il file temp/SUB_135.g e' stato caricato
Il file temp/SUB_136.g e' stato caricato
Il file temp/SUB_137.g e' stato caricato
Il file temp/SUB_138.g e' stato caricato
Il file temp/SUB_139.g e' stato caricato
Il file temp/SUB_140.g e' stato caricato
Il file temp/SUB_141.g e' stato caricato
Il file temp/SUB_142.g e' stato caricato
Il file temp/SUB_143.g e' stato caricato
Il file temp/SUB_144.g e' stato caricato
Il file temp/SUB_145.g e' stato caricato
Il file temp/SUB_146.g e' stato caricato
Il file temp/SUB_147.g e' stato caricato
Il file temp/SUB_148.g e' stato caricato
Il file temp/SUB_149.g e' stato caricato
Il file temp/SUB_150.g e' stato caricato
Il file temp/SUB_151.g e' stato caricato
Il file temp/SUB_152.g e' stato caricato
Il file temp/SUB_153.g e' stato caricato
Il file temp/SUB_154.g e' stato caricato
Il file temp/SUB_155.g e' stato caricato
Il file temp/SUB_156.g e' stato caricato
Il file temp/SUB_157.g e' stato caricato
Il file temp/SUB_158.g e' stato caricato
Il file temp/SUB_159.g e' stato caricato
Il file temp/SUB_160.g e' stato caricato
Il file temp/SUB_161.g e' stato caricato
Il file temp/SUB_162.g e' stato caricato
Il file temp/SUB_163.g e' stato caricato
Il file temp/SUB_164.g e' stato caricato
Il file temp/SUB_165.g e' stato caricato
Il file temp/SUB_166.g e' stato caricato
Il file temp/SUB_167.g e' stato caricato
Il file temp/SUB_168.g e' stato caricato
Il file temp/SUB_169.g e' stato caricato
Il file temp/SUB_170.g e' stato caricato
Il file temp/SUB_171.g e' stato caricato
Il file temp/SUB_172.g e' stato caricato
Il file temp/SUB_173.g e' stato caricato
Il file temp/SUB_174.g e' stato caricato
Il file temp/SUB_175.g e' stato caricato

SUB_0.norm = 0
SUB_0.inst = 1
SUB_0.orphan = 1
SUB_0.nsons = 30
	SUB_0.son->me 174
	SUB_0.son->me 172
	SUB_0.son->me 100
	SUB_0.son->me 92
	SUB_0.son->me 78
	SUB_0.son->me 60
	SUB_0.son->me 59
	SUB_0.son->me 57
	SUB_0.son->me 56
	SUB_0.son->me 55
	SUB_0.son->me 38
	SUB_0.son->me 37
	SUB_0.son->me 34
	SUB_0.son->me 33
	SUB_0.son->me 27
	SUB_0.son->me 26
	SUB_0.son->me 21
	SUB_0.son->me 19
	SUB_0.son->me 18
	SUB_0.son->me 15
	SUB_0.son->me 13
	SUB_0.son->me 11
	SUB_0.son->me 10
	SUB_0.son->me 9
	SUB_0.son->me 6
	SUB_0.son->me 5
	SUB_0.son->me 4
	SUB_0.son->me 3
	SUB_0.son->me 2
	SUB_0.son->me 1

SUB_1.norm = 13
SUB_1.inst = 5
SUB_1.orphan = 1
SUB_1.nsons = 4
	SUB_1.son->me 160
	SUB_1.son->me 150
	SUB_1.son->me 44
	SUB_1.son->me 7

SUB_2.norm = 3
SUB_2.inst = 14
SUB_2.orphan = 1
SUB_2.nsons = 12
	SUB_2.son->me 159
	SUB_2.son->me 150
	SUB_2.son->me 147
	SUB_2.son->me 120
	SUB_2.son->me 65
	SUB_2.son->me 61
	SUB_2.son->me 54
	SUB_2.son->me 28
	SUB_2.son->me 20
	SUB_2.son->me 17
	SUB_2.son->me 14
	SUB_2.son->me 8

SUB_3.norm = 3
SUB_3.inst = 16
SUB_3.orphan = 1
SUB_3.nsons = 15
	SUB_3.son->me 158
	SUB_3.son->me 157
	SUB_3.son->me 156
	SUB_3.son->me 155
	SUB_3.son->me 145
	SUB_3.son->me 135
	SUB_3.son->me 112
	SUB_3.son->me 108
	SUB_3.son->me 82
	SUB_3.son->me 81
	SUB_3.son->me 41
	SUB_3.son->me 32
	SUB_3.son->me 30
	SUB_3.son->me 29
	SUB_3.son->me 12

SUB_4.norm = 9
SUB_4.inst = 4
SUB_4.orphan = 1
SUB_4.nsons = 3
	SUB_4.son->me 58
	SUB_4.son->me 42
	SUB_4.son->me 20

SUB_5.norm = 3
SUB_5.inst = 13
SUB_5.orphan = 1
SUB_5.nsons = 12
	SUB_5.son->me 154
	SUB_5.son->me 153
	SUB_5.son->me 152
	SUB_5.son->me 151
	SUB_5.son->me 102
	SUB_5.son->me 99
	SUB_5.son->me 93
	SUB_5.son->me 86
	SUB_5.son->me 51
	SUB_5.son->me 36
	SUB_5.son->me 25
	SUB_5.son->me 16

SUB_6.norm = 5
SUB_6.inst = 7
SUB_6.orphan = 1
SUB_6.nsons = 6
	SUB_6.son->me 149
	SUB_6.son->me 148
	SUB_6.son->me 143
	SUB_6.son->me 50
	SUB_6.son->me 31
	SUB_6.son->me 29

SUB_7.norm = 5
SUB_7.inst = 4
SUB_7.orphan = 0
SUB_7.nsons = 3
	SUB_7.son->me 147
	SUB_7.son->me 146
	SUB_7.son->me 24

SUB_8.norm = 7
SUB_8.inst = 6
SUB_8.orphan = 0
SUB_8.nsons = 5
	SUB_8.son->me 141
	SUB_8.son->me 116
	SUB_8.son->me 84
	SUB_8.son->me 75
	SUB_8.son->me 66

SUB_9.norm = 3
SUB_9.inst = 10
SUB_9.orphan = 1
SUB_9.nsons = 9
	SUB_9.son->me 140
	SUB_9.son->me 139
	SUB_9.son->me 138
	SUB_9.son->me 136
	SUB_9.son->me 133
	SUB_9.son->me 67
	SUB_9.son->me 64
	SUB_9.son->me 53
	SUB_9.son->me 45

SUB_10.norm = 3
SUB_10.inst = 8
SUB_10.orphan = 1
SUB_10.nsons = 7
	SUB_10.son->me 137
	SUB_10.son->me 135
	SUB_10.son->me 122
	SUB_10.son->me 111
	SUB_10.son->me 47
	SUB_10.son->me 39
	SUB_10.son->me 36

SUB_11.norm = 5
SUB_11.inst = 4
SUB_11.orphan = 1
SUB_11.nsons = 3
	SUB_11.son->me 126
	SUB_11.son->me 28
	SUB_11.son->me 22

SUB_12.norm = 3
SUB_12.inst = 8
SUB_12.orphan = 0
SUB_12.nsons = 7
	SUB_12.son->me 134
	SUB_12.son->me 133
	SUB_12.son->me 117
	SUB_12.son->me 95
	SUB_12.son->me 52
	SUB_12.son->me 51
	SUB_12.son->me 50

SUB_13.norm = 5
SUB_13.inst = 4
SUB_13.orphan = 1
SUB_13.nsons = 3
	SUB_13.son->me 49
	SUB_13.son->me 46
	SUB_13.son->me 35

SUB_14.norm = 3
SUB_14.inst = 4
SUB_14.orphan = 0
SUB_14.nsons = 3
	SUB_14.son->me 132
	SUB_14.son->me 48
	SUB_14.son->me 23

SUB_15.norm = 3
SUB_15.inst = 6
SUB_15.orphan = 1
SUB_15.nsons = 5
	SUB_15.son->me 131
	SUB_15.son->me 130
	SUB_15.son->me 129
	SUB_15.son->me 68
	SUB_15.son->me 47

SUB_16.norm = 3
SUB_16.inst = 5
SUB_16.orphan = 0
SUB_16.nsons = 4
	SUB_16.son->me 128
	SUB_16.son->me 127
	SUB_16.son->me 77
	SUB_16.son->me 46

SUB_17.norm = 3
SUB_17.inst = 6
SUB_17.orphan = 0
SUB_17.nsons = 5
	SUB_17.son->me 170
	SUB_17.son->me 126
	SUB_17.son->me 101
	SUB_17.son->me 97
	SUB_17.son->me 28

SUB_18.norm = 3
SUB_18.inst = 5
SUB_18.orphan = 1
SUB_18.nsons = 4
	SUB_18.son->me 166
	SUB_18.son->me 125
	SUB_18.son->me 45
	SUB_18.son->me 43

SUB_19.norm = 7
SUB_19.inst = 4
SUB_19.orphan = 1
SUB_19.nsons = 3
	SUB_19.son->me 173
	SUB_19.son->me 84
	SUB_19.son->me 80

SUB_20.norm = 5
SUB_20.inst = 3
SUB_20.orphan = 0
SUB_20.nsons = 2
	SUB_20.son->me 145
	SUB_20.son->me 44

SUB_21.norm = 3
SUB_21.inst = 6
SUB_21.orphan = 1
SUB_21.nsons = 5
	SUB_21.son->me 137
	SUB_21.son->me 124
	SUB_21.son->me 123
	SUB_21.son->me 122
	SUB_21.son->me 121

SUB_22.norm = 5
SUB_22.inst = 2
SUB_22.orphan = 0
SUB_22.nsons = 1
	SUB_22.son->me 43

SUB_23.norm = 3
SUB_23.inst = 3
SUB_23.orphan = 0
SUB_23.nsons = 2
	SUB_23.son->me 94
	SUB_23.son->me 42

SUB_24.norm = 3
SUB_24.inst = 3
SUB_24.orphan = 0
SUB_24.nsons = 2
	SUB_24.son->me 120
	SUB_24.son->me 41

SUB_25.norm = 3
SUB_25.inst = 3
SUB_25.orphan = 0
SUB_25.nsons = 2
	SUB_25.son->me 119
	SUB_25.son->me 40

SUB_26.norm = 3
SUB_26.inst = 5
SUB_26.orphan = 1
SUB_26.nsons = 4
	SUB_26.son->me 134
	SUB_26.son->me 118
	SUB_26.son->me 117
	SUB_26.son->me 116

SUB_27.norm = 3
SUB_27.inst = 3
SUB_27.orphan = 1
SUB_27.nsons = 2
	SUB_27.son->me 115
	SUB_27.son->me 39

SUB_28.norm = 5
SUB_28.inst = 3
SUB_28.orphan = 0
SUB_28.nsons = 2
	SUB_28.son->me 141
	SUB_28.son->me 114

SUB_29.norm = 5
SUB_29.inst = 3
SUB_29.orphan = 0
SUB_29.nsons = 2
	SUB_29.son->me 156
	SUB_29.son->me 113

SUB_30.norm = 5
SUB_30.inst = 2
SUB_30.orphan = 0
SUB_30.nsons = 1
	SUB_30.son->me 111

SUB_31.norm = 5
SUB_31.inst = 2
SUB_31.orphan = 0
SUB_31.nsons = 1
	SUB_31.son->me 110

SUB_32.norm = 3
SUB_32.inst = 3
SUB_32.orphan = 0
SUB_32.nsons = 2
	SUB_32.son->me 109
	SUB_32.son->me 72

SUB_33.norm = 3
SUB_33.inst = 3
SUB_33.orphan = 1
SUB_33.nsons = 2
	SUB_33.son->me 108
	SUB_33.son->me 107

SUB_34.norm = 3
SUB_34.inst = 3
SUB_34.orphan = 1
SUB_34.nsons = 2
	SUB_34.son->me 106
	SUB_34.son->me 88

SUB_35.norm = 5
SUB_35.inst = 3
SUB_35.orphan = 0
SUB_35.nsons = 2
	SUB_35.son->me 175
	SUB_35.son->me 76

SUB_36.norm = 3
SUB_36.inst = 3
SUB_36.orphan = 0
SUB_36.nsons = 2
	SUB_36.son->me 105
	SUB_36.son->me 104

SUB_37.norm = 3
SUB_37.inst = 2
SUB_37.orphan = 1
SUB_37.nsons = 1
	SUB_37.son->me 103

SUB_38.norm = 3
SUB_38.inst = 3
SUB_38.orphan = 1
SUB_38.nsons = 2
	SUB_38.son->me 89
	SUB_38.son->me 62

SUB_39.norm = 3
SUB_39.inst = 2
SUB_39.orphan = 0
SUB_39.nsons = 1
	SUB_39.son->me 63

SUB_40.norm = 3
SUB_40.inst = 2
SUB_40.orphan = 0
SUB_40.nsons = 1
	SUB_40.son->me 102

SUB_41.norm = 3
SUB_41.inst = 2
SUB_41.orphan = 0
SUB_41.nsons = 1
	SUB_41.son->me 83

SUB_42.norm = 3
SUB_42.inst = 2
SUB_42.orphan = 0
SUB_42.nsons = 1
	SUB_42.son->me 101

SUB_43.norm = 3
SUB_43.inst = 2
SUB_43.orphan = 0
SUB_43.nsons = 1
	SUB_43.son->me 98

SUB_44.norm = 3
SUB_44.inst = 3
SUB_44.orphan = 0
SUB_44.nsons = 2
	SUB_44.son->me 128
	SUB_44.son->me 97

SUB_45.norm = 3
SUB_45.inst = 3
SUB_45.orphan = 0
SUB_45.nsons = 2
	SUB_45.son->me 105
	SUB_45.son->me 95

SUB_46.norm = 3
SUB_46.inst = 3
SUB_46.orphan = 0
SUB_46.nsons = 2
	SUB_46.son->me 158
	SUB_46.son->me 94

SUB_47.norm = 3
SUB_47.inst = 3
SUB_47.orphan = 0
SUB_47.nsons = 2
	SUB_47.son->me 169
	SUB_47.son->me 91

SUB_48.norm = 3
SUB_48.inst = 3
SUB_48.orphan = 0
SUB_48.nsons = 2
	SUB_48.son->me 124
	SUB_48.son->me 90

SUB_49.norm = 3
SUB_49.inst = 3
SUB_49.orphan = 0
SUB_49.nsons = 2
	SUB_49.son->me 164
	SUB_49.son->me 88

SUB_50.norm = 3
SUB_50.inst = 2
SUB_50.orphan = 0
SUB_50.nsons = 1
	SUB_50.son->me 87

SUB_51.norm = 3
SUB_51.inst = 3
SUB_51.orphan = 0
SUB_51.nsons = 2
	SUB_51.son->me 109
	SUB_51.son->me 69

SUB_52.norm = 3
SUB_52.inst = 3
SUB_52.orphan = 0
SUB_52.nsons = 2
	SUB_52.son->me 130
	SUB_52.son->me 70

SUB_53.norm = 3
SUB_53.inst = 3
SUB_53.orphan = 0
SUB_53.nsons = 2
	SUB_53.son->me 157
	SUB_53.son->me 86

SUB_54.norm = 3
SUB_54.inst = 3
SUB_54.orphan = 0
SUB_54.nsons = 2
	SUB_54.son->me 114
	SUB_54.son->me 85

SUB_55.norm = 3
SUB_55.inst = 2
SUB_55.orphan = 1
SUB_55.nsons = 1
	SUB_55.son->me 82

SUB_56.norm = 3
SUB_56.inst = 3
SUB_56.orphan = 1
SUB_56.nsons = 2
	SUB_56.son->me 129
	SUB_56.son->me 81

SUB_57.norm = 3
SUB_57.inst = 2
SUB_57.orphan = 1
SUB_57.nsons = 1
	SUB_57.son->me 79

SUB_58.norm = 3
SUB_58.inst = 3
SUB_58.orphan = 0
SUB_58.nsons = 2
	SUB_58.son->me 154
	SUB_58.son->me 77

SUB_59.norm = 3
SUB_59.inst = 2
SUB_59.orphan = 1
SUB_59.nsons = 1
	SUB_59.son->me 75

SUB_60.norm = 3
SUB_60.inst = 1
SUB_60.orphan = 1
SUB_60.nsons = 0

SUB_61.norm = 3
SUB_61.inst = 2
SUB_61.orphan = 0
SUB_61.nsons = 1
	SUB_61.son->me 62

SUB_62.norm = 3
SUB_62.inst = 2
SUB_62.orphan = 0
SUB_62.nsons = 1
	SUB_62.son->me 63

SUB_63.norm = 3
SUB_63.inst = 1
SUB_63.orphan = 0
SUB_63.nsons = 0

SUB_64.norm = 3
SUB_64.inst = 2
SUB_64.orphan = 0
SUB_64.nsons = 1
	SUB_64.son->me 71

SUB_65.norm = 3
SUB_65.inst = 2
SUB_65.orphan = 0
SUB_65.nsons = 1
	SUB_65.son->me 66

SUB_66.norm = 3
SUB_66.inst = 2
SUB_66.orphan = 0
SUB_66.nsons = 1
	SUB_66.son->me 67

SUB_67.norm = 3
SUB_67.inst = 2
SUB_67.orphan = 0
SUB_67.nsons = 1
	SUB_67.son->me 68

SUB_68.norm = 3
SUB_68.inst = 2
SUB_68.orphan = 0
SUB_68.nsons = 1
	SUB_68.son->me 69

SUB_69.norm = 3
SUB_69.inst = 2
SUB_69.orphan = 0
SUB_69.nsons = 1
	SUB_69.son->me 70

SUB_70.norm = 3
SUB_70.inst = 2
SUB_70.orphan = 0
SUB_70.nsons = 1
	SUB_70.son->me 74

SUB_71.norm = 3
SUB_71.inst = 2
SUB_71.orphan = 0
SUB_71.nsons = 1
	SUB_71.son->me 72

SUB_72.norm = 3
SUB_72.inst = 2
SUB_72.orphan = 0
SUB_72.nsons = 1
	SUB_72.son->me 73

SUB_73.norm = 3
SUB_73.inst = 1
SUB_73.orphan = 0
SUB_73.nsons = 0

SUB_74.norm = 3
SUB_74.inst = 1
SUB_74.orphan = 0
SUB_74.nsons = 0

SUB_75.norm = 3
SUB_75.inst = 2
SUB_75.orphan = 0
SUB_75.nsons = 1
	SUB_75.son->me 96

SUB_76.norm = 3
SUB_76.inst = 2
SUB_76.orphan = 0
SUB_76.nsons = 1
	SUB_76.son->me 136

SUB_77.norm = 3
SUB_77.inst = 2
SUB_77.orphan = 0
SUB_77.nsons = 1
	SUB_77.son->me 83

SUB_78.norm = 3
SUB_78.inst = 2
SUB_78.orphan = 1
SUB_78.nsons = 1
	SUB_78.son->me 127

SUB_79.norm = 3
SUB_79.inst = 1
SUB_79.orphan = 0
SUB_79.nsons = 0

SUB_80.norm = 3
SUB_80.inst = 1
SUB_80.orphan = 0
SUB_80.nsons = 0

SUB_81.norm = 3
SUB_81.inst = 2
SUB_81.orphan = 0
SUB_81.nsons = 1
	SUB_81.son->me 103

SUB_82.norm = 3
SUB_82.inst = 1
SUB_82.orphan = 0
SUB_82.nsons = 0

SUB_83.norm = 3
SUB_83.inst = 2
SUB_83.orphan = 0
SUB_83.nsons = 1
	SUB_83.son->me 152

SUB_84.norm = 3
SUB_84.inst = 1
SUB_84.orphan = 0
SUB_84.nsons = 0

SUB_85.norm = 3
SUB_85.inst = 1
SUB_85.orphan = 0
SUB_85.nsons = 0

SUB_86.norm = 3
SUB_86.inst = 1
SUB_86.orphan = 0
SUB_86.nsons = 0

SUB_87.norm = 3
SUB_87.inst = 2
SUB_87.orphan = 0
SUB_87.nsons = 1
	SUB_87.son->me 113

SUB_88.norm = 3
SUB_88.inst = 1
SUB_88.orphan = 0
SUB_88.nsons = 0

SUB_89.norm = 3
SUB_89.inst = 2
SUB_89.orphan = 0
SUB_89.nsons = 1
	SUB_89.son->me 125

SUB_90.norm = 3
SUB_90.inst = 1
SUB_90.orphan = 0
SUB_90.nsons = 0

SUB_91.norm = 3
SUB_91.inst = 1
SUB_91.orphan = 0
SUB_91.nsons = 0

SUB_92.norm = 3
SUB_92.inst = 1
SUB_92.orphan = 1
SUB_92.nsons = 0

SUB_93.norm = 3
SUB_93.inst = 2
SUB_93.orphan = 0
SUB_93.nsons = 1
	SUB_93.son->me 149

SUB_94.norm = 3
SUB_94.inst = 2
SUB_94.orphan = 0
SUB_94.nsons = 1
	SUB_94.son->me 165

SUB_95.norm = 3
SUB_95.inst = 2
SUB_95.orphan = 0
SUB_95.nsons = 1
	SUB_95.son->me 107

SUB_96.norm = 3
SUB_96.inst = 2
SUB_96.orphan = 0
SUB_96.nsons = 1
	SUB_96.son->me 160

SUB_97.norm = 3
SUB_97.inst = 1
SUB_97.orphan = 0
SUB_97.nsons = 0

SUB_98.norm = 3
SUB_98.inst = 1
SUB_98.orphan = 0
SUB_98.nsons = 0

SUB_99.norm = 3
SUB_99.inst = 1
SUB_99.orphan = 0
SUB_99.nsons = 0

SUB_100.norm = 3
SUB_100.inst = 2
SUB_100.orphan = 1
SUB_100.nsons = 1
	SUB_100.son->me 167

SUB_101.norm = 3
SUB_101.inst = 1
SUB_101.orphan = 0
SUB_101.nsons = 0

SUB_102.norm = 3
SUB_102.inst = 2
SUB_102.orphan = 0
SUB_102.nsons = 1
	SUB_102.son->me 104

SUB_103.norm = 3
SUB_103.inst = 2
SUB_103.orphan = 0
SUB_103.nsons = 1
	SUB_103.son->me 143

SUB_104.norm = 3
SUB_104.inst = 2
SUB_104.orphan = 0
SUB_104.nsons = 1
	SUB_104.son->me 110

SUB_105.norm = 3
SUB_105.inst = 1
SUB_105.orphan = 0
SUB_105.nsons = 0

SUB_106.norm = 3
SUB_106.inst = 2
SUB_106.orphan = 0
SUB_106.nsons = 1
	SUB_106.son->me 161

SUB_107.norm = 3
SUB_107.inst = 1
SUB_107.orphan = 0
SUB_107.nsons = 0

SUB_108.norm = 3
SUB_108.inst = 1
SUB_108.orphan = 0
SUB_108.nsons = 0

SUB_109.norm = 3
SUB_109.inst = 1
SUB_109.orphan = 0
SUB_109.nsons = 0

SUB_110.norm = 3
SUB_110.inst = 1
SUB_110.orphan = 0
SUB_110.nsons = 0

SUB_111.norm = 3
SUB_111.inst = 1
SUB_111.orphan = 0
SUB_111.nsons = 0

SUB_112.norm = 3
SUB_112.inst = 1
SUB_112.orphan = 0
SUB_112.nsons = 0

SUB_113.norm = 3
SUB_113.inst = 2
SUB_113.orphan = 0
SUB_113.nsons = 1
	SUB_113.son->me 121

SUB_114.norm = 3
SUB_114.inst = 1
SUB_114.orphan = 0
SUB_114.nsons = 0

SUB_115.norm = 3
SUB_115.inst = 1
SUB_115.orphan = 0
SUB_115.nsons = 0

SUB_116.norm = 3
SUB_116.inst = 1
SUB_116.orphan = 0
SUB_116.nsons = 0

SUB_117.norm = 3
SUB_117.inst = 2
SUB_117.orphan = 0
SUB_117.nsons = 1
	SUB_117.son->me 168

SUB_118.norm = 3
SUB_118.inst = 2
SUB_118.orphan = 0
SUB_118.nsons = 1
	SUB_118.son->me 138

SUB_119.norm = 3
SUB_119.inst = 1
SUB_119.orphan = 0
SUB_119.nsons = 0

SUB_120.norm = 3
SUB_120.inst = 2
SUB_120.orphan = 0
SUB_120.nsons = 1
	SUB_120.son->me 163

SUB_121.norm = 3
SUB_121.inst = 2
SUB_121.orphan = 0
SUB_121.nsons = 1
	SUB_121.son->me 162

SUB_122.norm = 3
SUB_122.inst = 1
SUB_122.orphan = 0
SUB_122.nsons = 0

SUB_123.norm = 3
SUB_123.inst = 1
SUB_123.orphan = 0
SUB_123.nsons = 0

SUB_124.norm = 3
SUB_124.inst = 2
SUB_124.orphan = 0
SUB_124.nsons = 1
	SUB_124.son->me 151

SUB_125.norm = 3
SUB_125.inst = 1
