Il file h110_labour_modello_coretto.subs e' stato caricato
La struttura TOPSUB_1.g e' presente 0 volte nel grafo 1
La struttura TOPSUB_1.g e' presente 1 volta nel grafo 2
La struttura TOPSUB_1.g e' presente 1 volta nel grafo 3
La struttura TOPSUB_1.g e' presente 1 volta nel grafo 4
La struttura TOPSUB_1.g e' presente 1 volta nel grafo 5
La struttura TOPSUB_1.g e' presente 0 volte nel grafo 6
La struttura TOPSUB_1.g e' presente 1 volta nel grafo 7
La struttura TOPSUB_1.g e' presente 1 volta nel grafo 8
La struttura TOPSUB_1.g e' presente 0 volte nel grafo 9
La struttura TOPSUB_1.g e' presente 1 volta nel grafo 10
La struttura TOPSUB_1.g e' presente 1 volta nel grafo 11
La struttura TOPSUB_1.g e' presente 1 volta nel grafo 12
La struttura TOPSUB_1.g e' presente 1 volta nel grafo 13
La struttura TOPSUB_1.g e' presente 0 volte nel grafo 14
La struttura TOPSUB_1.g e' presente 1 volta nel grafo 15
La struttura TOPSUB_1.g e' presente 1 volta nel grafo 16
La struttura TOPSUB_1.g e' presente 0 volte nel grafo 17
La struttura TOPSUB_1.g e' presente 0 volte nel grafo 18
La struttura TOPSUB_1.g e' presente 0 volte nel grafo 19
La struttura TOPSUB_1.g e' presente 0 volte nel grafo 20
La struttura TOPSUB_1.g e' presente 0 volte nel grafo 21

La rappresentativita' di TOPSUB_1.g su h110_labour_modello_coretto.g e' del: 57.143 %

La struttura TOPSUB_2.g e' presente 4 volte nel grafo 1
La struttura TOPSUB_2.g e' presente 3 volte nel grafo 2
La struttura TOPSUB_2.g e' presente 4 volte nel grafo 3
La struttura TOPSUB_2.g e' presente 4 volte nel grafo 4
La struttura TOPSUB_2.g e' presente 4 volte nel grafo 5
La struttura TOPSUB_2.g e' presente 6 volte nel grafo 6
La struttura TOPSUB_2.g e' presente 4 volte nel grafo 7
La struttura TOPSUB_2.g e' presente 4 volte nel grafo 8
La struttura TOPSUB_2.g e' presente 1 volta nel grafo 9
La struttura TOPSUB_2.g e' presente 2 volte nel grafo 10
La struttura TOPSUB_2.g e' presente 3 volte nel grafo 11
La struttura TOPSUB_2.g e' presente 4 volte nel grafo 12
La struttura TOPSUB_2.g e' presente 3 volte nel grafo 13
La struttura TOPSUB_2.g e' presente 1 volta nel grafo 14
La struttura TOPSUB_2.g e' presente 2 volte nel grafo 15
La struttura TOPSUB_2.g e' presente 2 volte nel grafo 16
La struttura TOPSUB_2.g e' presente 3 volte nel grafo 17
La struttura TOPSUB_2.g e' presente 0 volte nel grafo 18
La struttura TOPSUB_2.g e' presente 3 volte nel grafo 19
La struttura TOPSUB_2.g e' presente 2 volte nel grafo 20
La struttura TOPSUB_2.g e' presente 1 volta nel grafo 21

La rappresentativita' di TOPSUB_2.g su h110_labour_modello_coretto.g e' del: 95.238 %

La struttura TOPSUB_3.g e' presente 2 volte nel grafo 1
La struttura TOPSUB_3.g e' presente 2 volte nel grafo 2
La struttura TOPSUB_3.g e' presente 0 volte nel grafo 3
La struttura TOPSUB_3.g e' presente 0 volte nel grafo 4
La struttura TOPSUB_3.g e' presente 1 volta nel grafo 5
La struttura TOPSUB_3.g e' presente 1 volta nel grafo 6
La struttura TOPSUB_3.g e' presente 1 volta nel grafo 7
La struttura TOPSUB_3.g e' presente 2 volte nel grafo 8
La struttura TOPSUB_3.g e' presente 3 volte nel grafo 9
La struttura TOPSUB_3.g e' presente 2 volte nel grafo 10
La struttura TOPSUB_3.g e' presente 3 volte nel grafo 11
La struttura TOPSUB_3.g e' presente 0 volte nel grafo 12
La struttura TOPSUB_3.g e' presente 3 volte nel grafo 13
La struttura TOPSUB_3.g e' presente 2 volte nel grafo 14
La struttura TOPSUB_3.g e' presente 2 volte nel grafo 15
La struttura TOPSUB_3.g e' presente 2 volte nel grafo 16
La struttura TOPSUB_3.g e' presente 0 volte nel grafo 17
La struttura TOPSUB_3.g e' presente 1 volta nel grafo 18
La struttura TOPSUB_3.g e' presente 3 volte nel grafo 19
La struttura TOPSUB_3.g e' presente 2 volte nel grafo 20
La struttura TOPSUB_3.g e' presente 0 volte nel grafo 21

La rappresentativita' di TOPSUB_3.g su h110_labour_modello_coretto.g e' del: 76.190 %

La struttura TOPSUB_4.g e' presente 0 volte nel grafo 1
La struttura TOPSUB_4.g e' presente 0 volte nel grafo 2
La struttura TOPSUB_4.g e' presente 0 volte nel grafo 3
La struttura TOPSUB_4.g e' presente 0 volte nel grafo 4
La struttura TOPSUB_4.g e' presente 0 volte nel grafo 5
La struttura TOPSUB_4.g e' presente 0 volte nel grafo 6
La struttura TOPSUB_4.g e' presente 1 volta nel grafo 7
La struttura TOPSUB_4.g e' presente 1 volta nel grafo 8
La struttura TOPSUB_4.g e' presente 1 volta nel grafo 9
La struttura TOPSUB_4.g e' presente 1 volta nel grafo 10
La struttura TOPSUB_4.g e' presente 0 volte nel grafo 11
La struttura TOPSUB_4.g e' presente 1 volta nel grafo 12
La struttura TOPSUB_4.g e' presente 0 volte nel grafo 13
La struttura TOPSUB_4.g e' presente 0 volte nel grafo 14
La struttura TOPSUB_4.g e' presente 0 volte nel grafo 15
La struttura TOPSUB_4.g e' presente 1 volta nel grafo 16
La struttura TOPSUB_4.g e' presente 0 volte nel grafo 17
La struttura TOPSUB_4.g e' presente 0 volte nel grafo 18
La struttura TOPSUB_4.g e' presente 0 volte nel grafo 19
La struttura TOPSUB_4.g e' presente 1 volta nel grafo 20
La struttura TOPSUB_4.g e' presente 0 volte nel grafo 21

La rappresentativita' di TOPSUB_4.g su h110_labour_modello_coretto.g e' del: 33.333 %

La struttura TOPSUB_5.g e' presente 1 volta nel grafo 1
La struttura TOPSUB_5.g e' presente 0 volte nel grafo 2
La struttura TOPSUB_5.g e' presente 0 volte nel grafo 3
La struttura TOPSUB_5.g e' presente 0 volte nel grafo 4
La struttura TOPSUB_5.g e' presente 2 volte nel grafo 5
La struttura TOPSUB_5.g e' presente 2 volte nel grafo 6
La struttura TOPSUB_5.g e' presente 1 volta nel grafo 7
La struttura TOPSUB_5.g e' presente 2 volte nel grafo 8
La struttura TOPSUB_5.g e' presente 0 volte nel grafo 9
La struttura TOPSUB_5.g e' presente 2 volte nel grafo 10
La struttura TOPSUB_5.g e' presente 0 volte nel grafo 11
La struttura TOPSUB_5.g e' presente 3 volte nel grafo 12
La struttura TOPSUB_5.g e' presente 3 volte nel grafo 13
La struttura TOPSUB_5.g e' presente 3 volte nel grafo 14
La struttura TOPSUB_5.g e' presente 1 volta nel grafo 15
La struttura TOPSUB_5.g e' presente 2 volte nel grafo 16
La struttura TOPSUB_5.g e' presente 1 volta nel grafo 17
La struttura TOPSUB_5.g e' presente 0 volte nel grafo 18
La struttura TOPSUB_5.g e' presente 1 volta nel grafo 19
La struttura TOPSUB_5.g e' presente 1 volta nel grafo 20
La struttura TOPSUB_5.g e' presente 0 volte nel grafo 21

La rappresentativita' di TOPSUB_5.g su h110_labour_modello_coretto.g e' del: 66.667 %

La struttura TOPSUB_6.g e' presente 2 volte nel grafo 1
La struttura TOPSUB_6.g e' presente 1 volta nel grafo 2
La struttura TOPSUB_6.g e' presente 0 volte nel grafo 3
La struttura TOPSUB_6.g e' presente 1 volta nel grafo 4
La struttura TOPSUB_6.g e' presente 1 volta nel grafo 5
La struttura TOPSUB_6.g e' presente 0 volte nel grafo 6
La struttura TOPSUB_6.g e' presente 0 volte nel grafo 7
La struttura TOPSUB_6.g e' presente 0 volte nel grafo 8
La struttura TOPSUB_6.g e' presente 0 volte nel grafo 9
La struttura TOPSUB_6.g e' presente 0 volte nel grafo 10
La struttura TOPSUB_6.g e' presente 1 volta nel grafo 11
La struttura TOPSUB_6.g e' presente 1 volta nel grafo 12
La struttura TOPSUB_6.g e' presente 0 volte nel grafo 13
La struttura TOPSUB_6.g e' presente 1 volta nel grafo 14
La struttura TOPSUB_6.g e' presente 0 volte nel grafo 15
La struttura TOPSUB_6.g e' presente 0 volte nel grafo 16
La struttura TOPSUB_6.g e' presente 1 volta nel grafo 17
La struttura TOPSUB_6.g e' presente 0 volte nel grafo 18
La struttura TOPSUB_6.g e' presente 0 volte nel grafo 19
La struttura TOPSUB_6.g e' presente 1 volta nel grafo 20
La struttura TOPSUB_6.g e' presente 0 volte nel grafo 21

La rappresentativita' di TOPSUB_6.g su h110_labour_modello_coretto.g e' del: 42.857 %

La struttura TOPSUB_9.g e' presente 2 volte nel grafo 1
La struttura TOPSUB_9.g e' presente 1 volta nel grafo 2
La struttura TOPSUB_9.g e' presente 1 volta nel grafo 3
La struttura TOPSUB_9.g e' presente 0 volte nel grafo 4
La struttura TOPSUB_9.g e' presente 0 volte nel grafo 5
La struttura TOPSUB_9.g e' presente 0 volte nel grafo 6
La struttura TOPSUB_9.g e' presente 1 volta nel grafo 7
La struttura TOPSUB_9.g e' presente 1 volta nel grafo 8
La struttura TOPSUB_9.g e' presente 0 volte nel grafo 9
La struttura TOPSUB_9.g e' presente 1 volta nel grafo 10
La struttura TOPSUB_9.g e' presente 1 volta nel grafo 11
La struttura TOPSUB_9.g e' presente 0 volte nel grafo 12
La struttura TOPSUB_9.g e' presente 2 volte nel grafo 13
La struttura TOPSUB_9.g e' presente 0 volte nel grafo 14
La struttura TOPSUB_9.g e' presente 2 volte nel grafo 15
La struttura TOPSUB_9.g e' presente 1 volta nel grafo 16
La struttura TOPSUB_9.g e' presente 0 volte nel grafo 17
La struttura TOPSUB_9.g e' presente 1 volta nel grafo 18
La struttura TOPSUB_9.g e' presente 1 volta nel grafo 19
La struttura TOPSUB_9.g e' presente 0 volte nel grafo 20
La struttura TOPSUB_9.g e' presente 0 volte nel grafo 21

La rappresentativita' di TOPSUB_9.g su h110_labour_modello_coretto.g e' del: 57.143 %

La struttura TOPSUB_10.g e' presente 1 volta nel grafo 1
La struttura TOPSUB_10.g e' presente 1 volta nel grafo 2
La struttura TOPSUB_10.g e' presente 0 volte nel grafo 3
La struttura TOPSUB_10.g e' presente 2 volte nel grafo 4
La struttura TOPSUB_10.g e' presente 0 volte nel grafo 5
La struttura TOPSUB_10.g e' presente 1 volta nel grafo 6
La struttura TOPSUB_10.g e' presente 2 volte nel grafo 7
La struttura TOPSUB_10.g e' presente 2 volte nel grafo 8
La struttura TOPSUB_10.g e' presente 2 volte nel grafo 9
La struttura TOPSUB_10.g e' presente 0 volte nel grafo 10
La struttura TOPSUB_10.g e' presente 1 volta nel grafo 11
La struttura TOPSUB_10.g e' presente 1 volta nel grafo 12
La struttura TOPSUB_10.g e' presente 2 volte nel grafo 13
La struttura TOPSUB_10.g e' presente 2 volte nel grafo 14
La struttura TOPSUB_10.g e' presente 1 volta nel grafo 15
La struttura TOPSUB_10.g e' presente 1 volta nel grafo 16
La struttura TOPSUB_10.g e' presente 0 volte nel grafo 17
La struttura TOPSUB_10.g e' presente 0 volte nel grafo 18
La struttura TOPSUB_10.g e' presente 3 volte nel grafo 19
La struttura TOPSUB_10.g e' presente 1 volta nel grafo 20
La struttura TOPSUB_10.g e' presente 0 volte nel grafo 21

La rappresentativita' di TOPSUB_10.g su h110_labour_modello_coretto.g e' del: 71.429 %

La struttura TOPSUB_11.g e' presente 1 volta nel grafo 1
La struttura TOPSUB_11.g e' presente 1 volta nel grafo 2
La struttura TOPSUB_11.g e' presente 1 volta nel grafo 3
La struttura TOPSUB_11.g e' presente 1 volta nel grafo 4
La struttura TOPSUB_11.g e' presente 1 volta nel grafo 5
La struttura TOPSUB_11.g e' presente 1 volta nel grafo 6
La struttura TOPSUB_11.g e' presente 1 volta nel grafo 7
La struttura TOPSUB_11.g e' presente 1 volta nel grafo 8
La struttura TOPSUB_11.g e' presente 1 volta nel grafo 9
La struttura TOPSUB_11.g e' presente 1 volta nel grafo 10
La struttura TOPSUB_11.g e' presente 1 volta nel grafo 11
La struttura TOPSUB_11.g e' presente 1 volta nel grafo 12
La struttura TOPSUB_11.g e' presente 1 volta nel grafo 13
La struttura TOPSUB_11.g e' presente 1 volta nel grafo 14
La struttura TOPSUB_11.g e' presente 1 volta nel grafo 15
La struttura TOPSUB_11.g e' presente 1 volta nel grafo 16
La struttura TOPSUB_11.g e' presente 1 volta nel grafo 17
La struttura TOPSUB_11.g e' presente 0 volte nel grafo 18
La struttura TOPSUB_11.g e' presente 0 volte nel grafo 19
La struttura TOPSUB_11.g e' presente 1 volta nel grafo 20
La struttura TOPSUB_11.g e' presente 1 volta nel grafo 21

La rappresentativita' di TOPSUB_11.g su h110_labour_modello_coretto.g e' del: 90.476 %

La struttura TOPSUB_13.g e' presente 0 volte nel grafo 1
La struttura TOPSUB_13.g e' presente 0 volte nel grafo 2
La struttura TOPSUB_13.g e' presente 1 volta nel grafo 3
La struttura TOPSUB_13.g e' presente 1 volta nel grafo 4
La struttura TOPSUB_13.g e' presente 1 volta nel grafo 5
La struttura TOPSUB_13.g e' presente 0 volte nel grafo 6
La struttura TOPSUB_13.g e' presente 1 volta nel grafo 7
La struttura TOPSUB_13.g e' presente 1 volta nel grafo 8
La struttura TOPSUB_13.g e' presente 1 volta nel grafo 9
La struttura TOPSUB_13.g e' presente 1 volta nel grafo 10
La struttura TOPSUB_13.g e' presente 0 volte nel grafo 11
La struttura TOPSUB_13.g e' presente 1 volta nel grafo 12
La struttura TOPSUB_13.g e' presente 0 volte nel grafo 13
La struttura TOPSUB_13.g e' presente 1 volta nel grafo 14
La struttura TOPSUB_13.g e' presente 1 volta nel grafo 15
La struttura TOPSUB_13.g e' presente 1 volta nel grafo 16
La struttura TOPSUB_13.g e' presente 0 volte nel grafo 17
La struttura TOPSUB_13.g e' presente 0 volte nel grafo 18
La struttura TOPSUB_13.g e' presente 0 volte nel grafo 19
La struttura TOPSUB_13.g e' presente 1 volta nel grafo 20
La struttura TOPSUB_13.g e' presente 1 volta nel grafo 21

La rappresentativita' di TOPSUB_13.g su h110_labour_modello_coretto.g e' del: 61.905 %

La struttura TOPSUB_15.g e' presente 0 volte nel grafo 1
La struttura TOPSUB_15.g e' presente 0 volte nel grafo 2
La struttura TOPSUB_15.g e' presente 0 volte nel grafo 3
La struttura TOPSUB_15.g e' presente 1 volta nel grafo 4
La struttura TOPSUB_15.g e' presente 0 volte nel grafo 5
La struttura TOPSUB_15.g e' presente 0 volte nel grafo 6
La struttura TOPSUB_15.g e' presente 1 volta nel grafo 7
La struttura TOPSUB_15.g e' presente 1 volta nel grafo 8
La struttura TOPSUB_15.g e' presente 2 volte nel grafo 9
La struttura TOPSUB_15.g e' presente 1 volta nel grafo 10
La struttura TOPSUB_15.g e' presente 1 volta nel grafo 11
La struttura TOPSUB_15.g e' presente 1 volta nel grafo 12
La struttura TOPSUB_15.g e' presente 0 volte nel grafo 13
La struttura TOPSUB_15.g e' presente 0 volte nel grafo 14
La struttura TOPSUB_15.g e' presente 0 volte nel grafo 15
La struttura TOPSUB_15.g e' presente 0 volte nel grafo 16
La struttura TOPSUB_15.g e' presente 1 volta nel grafo 17
La struttura TOPSUB_15.g e' presente 0 volte nel grafo 18
La struttura TOPSUB_15.g e' presente 1 volta nel grafo 19
La struttura TOPSUB_15.g e' presente 0 volte nel grafo 20
La struttura TOPSUB_15.g e' presente 0 volte nel grafo 21

La rappresentativita' di TOPSUB_15.g su h110_labour_modello_coretto.g e' del: 42.857 %

La struttura TOPSUB_18.g e' presente 1 volta nel grafo 1
La struttura TOPSUB_18.g e' presente 1 volta nel grafo 2
La struttura TOPSUB_18.g e' presente 1 volta nel grafo 3
La struttura TOPSUB_18.g e' presente 0 volte nel grafo 4
La struttura TOPSUB_18.g e' presente 1 volta nel grafo 5
La struttura TOPSUB_18.g e' presente 0 volte nel grafo 6
La struttura TOPSUB_18.g e' presente 0 volte nel grafo 7
La struttura TOPSUB_18.g e' presente 0 volte nel grafo 8
La struttura TOPSUB_18.g e' presente 0 volte nel grafo 9
La struttura TOPSUB_18.g e' presente 0 volte nel grafo 10
La struttura TOPSUB_18.g e' presente 1 volta nel grafo 11
La struttura TOPSUB_18.g e' presente 1 volta nel grafo 12
La struttura TOPSUB_18.g e' presente 2 volte nel grafo 13
La struttura TOPSUB_18.g e' presente 1 volta nel grafo 14
La struttura TOPSUB_18.g e' presente 0 volte nel grafo 15
La struttura TOPSUB_18.g e' presente 1 volta nel grafo 16
La struttura TOPSUB_18.g e' presente 1 volta nel grafo 17
La struttura TOPSUB_18.g e' presente 1 volta nel grafo 18
La struttura TOPSUB_18.g e' presente 0 volte nel grafo 19
La struttura TOPSUB_18.g e' presente 2 volte nel grafo 20
La struttura TOPSUB_18.g e' presente 0 volte nel grafo 21

La rappresentativita' di TOPSUB_18.g su h110_labour_modello_coretto.g e' del: 57.143 %

La struttura TOPSUB_19.g e' presente 0 volte nel grafo 1
La struttura TOPSUB_19.g e' presente 0 volte nel grafo 2
La struttura TOPSUB_19.g e' presente 1 volta nel grafo 3
La struttura TOPSUB_19.g e' presente 0 volte nel grafo 4
La struttura TOPSUB_19.g e' presente 0 volte nel grafo 5
La struttura TOPSUB_19.g e' presente 0 volte nel grafo 6
La struttura TOPSUB_19.g e' presente 0 volte nel grafo 7
La struttura TOPSUB_19.g e' presente 0 volte nel grafo 8
La struttura TOPSUB_19.g e' presente 0 volte nel grafo 9
La struttura TOPSUB_19.g e' presente 0 volte nel grafo 10
La struttura TOPSUB_19.g e' presente 1 volta nel grafo 11
La struttura TOPSUB_19.g e' presente 0 volte nel grafo 12
La struttura TOPSUB_19.g e' presente 1 volta nel grafo 13
La struttura TOPSUB_19.g e' presente 0 volte nel grafo 14
La struttura TOPSUB_19.g e' presente 0 volte nel grafo 15
La struttura TOPSUB_19.g e' presente 0 volte nel grafo 16
La struttura TOPSUB_19.g e' presente 0 volte nel grafo 17
La struttura TOPSUB_19.g e' presente 0 volte nel grafo 18
La struttura TOPSUB_19.g e' presente 0 volte nel grafo 19
La struttura TOPSUB_19.g e' presente 0 volte nel grafo 20
La struttura TOPSUB_19.g e' presente 0 volte nel grafo 21

La rappresentativita' di TOPSUB_19.g su h110_labour_modello_coretto.g e' del: 14.286 %

La struttura TOPSUB_21.g e' presente 1 volta nel grafo 1
La struttura TOPSUB_21.g e' presente 1 volta nel grafo 2
La struttura TOPSUB_21.g e' presente 0 volte nel grafo 3
La struttura TOPSUB_21.g e' presente 1 volta nel grafo 4
La struttura TOPSUB_21.g e' presente 1 volta nel grafo 5
La struttura TOPSUB_21.g e' presente 1 volta nel grafo 6
La struttura TOPSUB_21.g e' presente 1 volta nel grafo 7
La struttura TOPSUB_21.g e' presente 1 volta nel grafo 8
La struttura TOPSUB_21.g e' presente 0 volte nel grafo 9
La struttura TOPSUB_21.g e' presente 2 volte nel grafo 10
La struttura TOPSUB_21.g e' presente 1 volta nel grafo 11
La struttura TOPSUB_21.g e' presente 0 volte nel grafo 12
La struttura TOPSUB_21.g e' presente 1 volta nel grafo 13
La struttura TOPSUB_21.g e' presente 1 volta nel grafo 14
La struttura TOPSUB_21.g e' presente 0 volte nel grafo 15
La struttura TOPSUB_21.g e' presente 1 volta nel grafo 16
La struttura TOPSUB_21.g e' presente 0 volte nel grafo 17
La struttura TOPSUB_21.g e' presente 0 volte nel grafo 18
La struttura TOPSUB_21.g e' presente 0 volte nel grafo 19
La struttura TOPSUB_21.g e' presente 0 volte nel grafo 20
La struttura TOPSUB_21.g e' presente 0 volte nel grafo 21

La rappresentativita' di TOPSUB_21.g su h110_labour_modello_coretto.g e' del: 57.143 %

La struttura TOPSUB_26.g e' presente 1 volta nel grafo 1
La struttura TOPSUB_26.g e' presente 0 volte nel grafo 2
La struttura TOPSUB_26.g e' presente 0 volte nel grafo 3
La struttura TOPSUB_26.g e' presente 1 volta nel grafo 4
La struttura TOPSUB_26.g e' presente 0 volte nel grafo 5
La struttura TOPSUB_26.g e' presente 2 volte nel grafo 6
La struttura TOPSUB_26.g e' presente 0 volte nel grafo 7
La struttura TOPSUB_26.g e' presente 0 volte nel grafo 8
La struttura TOPSUB_26.g e' presente 1 volta nel grafo 9
La struttura TOPSUB_26.g e' presente 1 volta nel grafo 10
La struttura TOPSUB_26.g e' presente 0 volte nel grafo 11
La struttura TOPSUB_26.g e' presente 0 volte nel grafo 12
La struttura TOPSUB_26.g e' presente 0 volte nel grafo 13
La struttura TOPSUB_26.g e' presente 0 volte nel grafo 14
La struttura TOPSUB_26.g e' presente 1 volta nel grafo 15
La struttura TOPSUB_26.g e' presente 0 volte nel grafo 16
La struttura TOPSUB_26.g e' presente 0 volte nel grafo 17
La struttura TOPSUB_26.g e' presente 0 volte nel grafo 18
La struttura TOPSUB_26.g e' presente 0 volte nel grafo 19
La struttura TOPSUB_26.g e' presente 1 volta nel grafo 20
La struttura TOPSUB_26.g e' presente 0 volte nel grafo 21

La rappresentativita' di TOPSUB_26.g su h110_labour_modello_coretto.g e' del: 33.333 %

La struttura TOPSUB_27.g e' presente 0 volte nel grafo 1
La struttura TOPSUB_27.g e' presente 1 volta nel grafo 2
La struttura TOPSUB_27.g e' presente 0 volte nel grafo 3
La struttura TOPSUB_27.g e' presente 1 volta nel grafo 4
La struttura TOPSUB_27.g e' presente 0 volte nel grafo 5
La struttura TOPSUB_27.g e' presente 0 volte nel grafo 6
La struttura TOPSUB_27.g e' presente 1 volta nel grafo 7
La struttura TOPSUB_27.g e' presente 1 volta nel grafo 8
La struttura TOPSUB_27.g e' presente 0 volte nel grafo 9
La struttura TOPSUB_27.g e' presente 1 volta nel grafo 10
La struttura TOPSUB_27.g e' presente 1 volta nel grafo 11
La struttura TOPSUB_27.g e' presente 0 volte nel grafo 12
La struttura TOPSUB_27.g e' presente 0 volte nel grafo 13
La struttura TOPSUB_27.g e' presente 0 volte nel grafo 14
La struttura TOPSUB_27.g e' presente 1 volta nel grafo 15
La struttura TOPSUB_27.g e' presente 1 volta nel grafo 16
La struttura TOPSUB_27.g e' presente 0 volte nel grafo 17
La struttura TOPSUB_27.g e' presente 0 volte nel grafo 18
La struttura TOPSUB_27.g e' presente 1 volta nel grafo 19
La struttura TOPSUB_27.g e' presente 0 volte nel grafo 20
La struttura TOPSUB_27.g e' presente 0 volte nel grafo 21

La rappresentativita' di TOPSUB_27.g su h110_labour_modello_coretto.g e' del: 42.857 %

La struttura TOPSUB_33.g e' presente 0 volte nel grafo 1
La struttura TOPSUB_33.g e' presente 1 volta nel grafo 2
La struttura TOPSUB_33.g e' presente 2 volte nel grafo 3
La struttura TOPSUB_33.g e' presente 0 volte nel grafo 4
La struttura TOPSUB_33.g e' presente 0 volte nel grafo 5
La struttura TOPSUB_33.g e' presente 1 volta nel grafo 6
La struttura TOPSUB_33.g e' presente 0 volte nel grafo 7
La struttura TOPSUB_33.g e' presente 0 volte nel grafo 8
La struttura TOPSUB_33.g e' presente 0 volte nel grafo 9
La struttura TOPSUB_33.g e' presente 0 volte nel grafo 10
La struttura TOPSUB_33.g e' presente 1 volta nel grafo 11
La struttura TOPSUB_33.g e' presente 0 volte nel grafo 12
La struttura TOPSUB_33.g e' presente 0 volte nel grafo 13
La struttura TOPSUB_33.g e' presente 0 volte nel grafo 14
La struttura TOPSUB_33.g e' presente 0 volte nel grafo 15
La struttura TOPSUB_33.g e' presente 0 volte nel grafo 16
La struttura TOPSUB_33.g e' presente 1 volta nel grafo 17
La struttura TOPSUB_33.g e' presente 0 volte nel grafo 18
La struttura TOPSUB_33.g e' presente 0 volte nel grafo 19
La struttura TOPSUB_33.g e' presente 0 volte nel grafo 20
La struttura TOPSUB_33.g e' presente 0 volte nel grafo 21

La rappresentativita' di TOPSUB_33.g su h110_labour_modello_coretto.g e' del: 23.810 %

La struttura TOPSUB_34.g e' presente 1 volta nel grafo 1
La struttura TOPSUB_34.g e' presente 1 volta nel grafo 2
La struttura TOPSUB_34.g e' presente 0 volte nel grafo 3
La struttura TOPSUB_34.g e' presente 0 volte nel grafo 4
La struttura TOPSUB_34.g e' presente 0 volte nel grafo 5
La struttura TOPSUB_34.g e' presente 1 volta nel grafo 6
La struttura TOPSUB_34.g e' presente 1 volta nel grafo 7
La struttura TOPSUB_34.g e' presente 1 volta nel grafo 8
La struttura TOPSUB_34.g e' presente 1 volta nel grafo 9
La struttura TOPSUB_34.g e' presente 1 volta nel grafo 10
La struttura TOPSUB_34.g e' presente 1 volta nel grafo 11
La struttura TOPSUB_34.g e' presente 1 volta nel grafo 12
La struttura TOPSUB_34.g e' presente 1 volta nel grafo 13
La struttura TOPSUB_34.g e' presente 0 volte nel grafo 14
La struttura TOPSUB_34.g e' presente 1 volta nel grafo 15
La struttura TOPSUB_34.g e' presente 1 volta nel grafo 16
La struttura TOPSUB_34.g e' presente 1 volta nel grafo 17
La struttura TOPSUB_34.g e' presente 0 volte nel grafo 18
La struttura TOPSUB_34.g e' presente 1 volta nel grafo 19
La struttura TOPSUB_34.g e' presente 1 volta nel grafo 20
La struttura TOPSUB_34.g e' presente 1 volta nel grafo 21

La rappresentativita' di TOPSUB_34.g su h110_labour_modello_coretto.g e' del: 76.190 %

La struttura TOPSUB_37.g e' presente 0 volte nel grafo 1
La struttura TOPSUB_37.g e' presente 1 volta nel grafo 2
La struttura TOPSUB_37.g e' presente 0 volte nel grafo 3
La struttura TOPSUB_37.g e' presente 0 volte nel grafo 4
La struttura TOPSUB_37.g e' presente 0 volte nel grafo 5
La struttura TOPSUB_37.g e' presente 0 volte nel grafo 6
La struttura TOPSUB_37.g e' presente 0 volte nel grafo 7
La struttura TOPSUB_37.g e' presente 0 volte nel grafo 8
La struttura TOPSUB_37.g e' presente 1 volta nel grafo 9
La struttura TOPSUB_37.g e' presente 0 volte nel grafo 10
La struttura TOPSUB_37.g e' presente 0 volte nel grafo 11
La struttura TOPSUB_37.g e' presente 0 volte nel grafo 12
La struttura TOPSUB_37.g e' presente 0 volte nel grafo 13
La struttura TOPSUB_37.g e' presente 0 volte nel grafo 14
La struttura TOPSUB_37.g e' presente 0 volte nel grafo 15
La struttura TOPSUB_37.g e' presente 0 volte nel grafo 16
La struttura TOPSUB_37.g e' presente 0 volte nel grafo 17
La struttura TOPSUB_37.g e' presente 0 volte nel grafo 18
La struttura TOPSUB_37.g e' presente 0 volte nel grafo 19
La struttura TOPSUB_37.g e' presente 0 volte nel grafo 20
La struttura TOPSUB_37.g e' presente 0 volte nel grafo 21

La rappresentativita' di TOPSUB_37.g su h110_labour_modello_coretto.g e' del: 9.524 %

La struttura TOPSUB_38.g e' presente 0 volte nel grafo 1
La struttura TOPSUB_38.g e' presente 0 volte nel grafo 2
La struttura TOPSUB_38.g e' presente 1 volta nel grafo 3
La struttura TOPSUB_38.g e' presente 0 volte nel grafo 4
La struttura TOPSUB_38.g e' presente 1 volta nel grafo 5
La struttura TOPSUB_38.g e' presente 1 volta nel grafo 6
La struttura TOPSUB_38.g e' presente 0 volte nel grafo 7
La struttura TOPSUB_38.g e' presente 0 volte nel grafo 8
La struttura TOPSUB_38.g e' presente 2 volte nel grafo 9
La struttura TOPSUB_38.g e' presente 0 volte nel grafo 10
La struttura TOPSUB_38.g e' presente 1 volta nel grafo 11
La struttura TOPSUB_38.g e' presente 0 volte nel grafo 12
La struttura TOPSUB_38.g e' presente 2 volte nel grafo 13
La struttura TOPSUB_38.g e' presente 1 volta nel grafo 14
La struttura TOPSUB_38.g e' presente 3 volte nel grafo 15
La struttura TOPSUB_38.g e' presente 0 volte nel grafo 16
La struttura TOPSUB_38.g e' presente 0 volte nel grafo 17
La struttura TOPSUB_38.g e' presente 1 volta nel grafo 18
La struttura TOPSUB_38.g e' presente 1 volta nel grafo 19
La struttura TOPSUB_38.g e' presente 0 volte nel grafo 20
La struttura TOPSUB_38.g e' presente 0 volte nel grafo 21

La rappresentativita' di TOPSUB_38.g su h110_labour_modello_coretto.g e' del: 47.619 %

La struttura TOPSUB_55.g e' presente 0 volte nel grafo 1
La struttura TOPSUB_55.g e' presente 0 volte nel grafo 2
La struttura TOPSUB_55.g e' presente 0 volte nel grafo 3
La struttura TOPSUB_55.g e' presente 0 volte nel grafo 4
La struttura TOPSUB_55.g e' presente 0 volte nel grafo 5
La struttura TOPSUB_55.g e' presente 0 volte nel grafo 6
La struttura TOPSUB_55.g e' presente 0 volte nel grafo 7
La struttura TOPSUB_55.g e' presente 0 volte nel grafo 8
La struttura TOPSUB_55.g e' presente 1 volta nel grafo 9
La struttura TOPSUB_55.g e' presente 0 volte nel grafo 10
La struttura TOPSUB_55.g e' presente 0 volte nel grafo 11
La struttura TOPSUB_55.g e' presente 0 volte nel grafo 12
La struttura TOPSUB_55.g e' presente 0 volte nel grafo 13
La struttura TOPSUB_55.g e' presente 0 volte nel grafo 14
La struttura TOPSUB_55.g e' presente 1 volta nel grafo 15
La struttura TOPSUB_55.g e' presente 0 volte nel grafo 16
La struttura TOPSUB_55.g e' presente 0 volte nel grafo 17
La struttura TOPSUB_55.g e' presente 0 volte nel grafo 18
La struttura TOPSUB_55.g e' presente 0 volte nel grafo 19
La struttura TOPSUB_55.g e' presente 0 volte nel grafo 20
La struttura TOPSUB_55.g e' presente 0 volte nel grafo 21

La rappresentativita' di TOPSUB_55.g su h110_labour_modello_coretto.g e' del: 9.524 %

La struttura TOPSUB_56.g e' presente 1 volta nel grafo 1
La struttura TOPSUB_56.g e' presente 2 volte nel grafo 2
La struttura TOPSUB_56.g e' presente 1 volta nel grafo 3
La struttura TOPSUB_56.g e' presente 0 volte nel grafo 4
La struttura TOPSUB_56.g e' presente 0 volte nel grafo 5
La struttura TOPSUB_56.g e' presente 2 volte nel grafo 6
La struttura TOPSUB_56.g e' presente 1 volta nel grafo 7
La struttura TOPSUB_56.g e' presente 0 volte nel grafo 8
La struttura TOPSUB_56.g e' presente 0 volte nel grafo 9
La struttura TOPSUB_56.g e' presente 0 volte nel grafo 10
La struttura TOPSUB_56.g e' presente 1 volta nel grafo 11
La struttura TOPSUB_56.g e' presente 1 volta nel grafo 12
La struttura TOPSUB_56.g e' presente 1 volta nel grafo 13
La struttura TOPSUB_56.g e' presente 3 volte nel grafo 14
La struttura TOPSUB_56.g e' presente 0 volte nel grafo 15
La struttura TOPSUB_56.g e' presente 1 volta nel grafo 16
La struttura TOPSUB_56.g e' presente 1 volta nel grafo 17
La struttura TOPSUB_56.g e' presente 0 volte nel grafo 18
La struttura TOPSUB_56.g e' presente 1 volta nel grafo 19
La struttura TOPSUB_56.g e' presente 2 volte nel grafo 20
La struttura TOPSUB_56.g e' presente 0 volte nel grafo 21

La rappresentativita' di TOPSUB_56.g su h110_labour_modello_coretto.g e' del: 61.905 %

La struttura TOPSUB_57.g e' presente 0 volte nel grafo 1
La struttura TOPSUB_57.g e' presente 1 volta nel grafo 2
La struttura TOPSUB_57.g e' presente 0 volte nel grafo 3
La struttura TOPSUB_57.g e' presente 0 volte nel grafo 4
La struttura TOPSUB_57.g e' presente 0 volte nel grafo 5
La struttura TOPSUB_57.g e' presente 0 volte nel grafo 6
La struttura TOPSUB_57.g e' presente 0 volte nel grafo 7
La struttura TOPSUB_57.g e' presente 1 volta nel grafo 8
La struttura TOPSUB_57.g e' presente 0 volte nel grafo 9
La struttura TOPSUB_57.g e' presente 0 volte nel grafo 10
La struttura TOPSUB_57.g e' presente 0 volte nel grafo 11
La struttura TOPSUB_57.g e' presente 0 volte nel grafo 12
La struttura TOPSUB_57.g e' presente 0 volte nel grafo 13
La struttura TOPSUB_57.g e' presente 0 volte nel grafo 14
La struttura TOPSUB_57.g e' presente 0 volte nel grafo 15
La struttura TOPSUB_57.g e' presente 0 volte nel grafo 16
La struttura TOPSUB_57.g e' presente 0 volte nel grafo 17
La struttura TOPSUB_57.g e' presente 0 volte nel grafo 18
La struttura TOPSUB_57.g e' presente 0 volte nel grafo 19
La struttura TOPSUB_57.g e' presente 0 volte nel grafo 20
La struttura TOPSUB_57.g e' presente 0 volte nel grafo 21

La rappresentativita' di TOPSUB_57.g su h110_labour_modello_coretto.g e' del: 9.524 %

La struttura TOPSUB_59.g e' presente 0 volte nel grafo 1
La struttura TOPSUB_59.g e' presente 1 volta nel grafo 2
La struttura TOPSUB_59.g e' presente 1 volta nel grafo 3
La struttura TOPSUB_59.g e' presente 0 volte nel grafo 4
La struttura TOPSUB_59.g e' presente 0 volte nel grafo 5
La struttura TOPSUB_59.g e' presente 0 volte nel grafo 6
La struttura TOPSUB_59.g e' presente 0 volte nel grafo 7
La struttura TOPSUB_59.g e' presente 0 volte nel grafo 8
La struttura TOPSUB_59.g e' presente 0 volte nel grafo 9
La struttura TOPSUB_59.g e' presente 0 volte nel grafo 10
La struttura TOPSUB_59.g e' presente 1 volta nel grafo 11
La struttura TOPSUB_59.g e' presente 0 volte nel grafo 12
La struttura TOPSUB_59.g e' presente 1 volta nel grafo 13
La struttura TOPSUB_59.g e' presente 0 volte nel grafo 14
La struttura TOPSUB_59.g e' presente 0 volte nel grafo 15
La struttura TOPSUB_59.g e' presente 0 volte nel grafo 16
La struttura TOPSUB_59.g e' presente 1 volta nel grafo 17
La struttura TOPSUB_59.g e' presente 0 volte nel grafo 18
La struttura TOPSUB_59.g e' presente 0 volte nel grafo 19
La struttura TOPSUB_59.g e' presente 0 volte nel grafo 20
La struttura TOPSUB_59.g e' presente 0 volte nel grafo 21

La rappresentativita' di TOPSUB_59.g su h110_labour_modello_coretto.g e' del: 23.810 %

La struttura TOPSUB_60.g e' presente 1 volta nel grafo 1
La struttura TOPSUB_60.g e' presente 1 volta nel grafo 2
La struttura TOPSUB_60.g e' presente 1 volta nel grafo 3
La struttura TOPSUB_60.g e' presente 1 volta nel grafo 4
La struttura TOPSUB_60.g e' presente 0 volte nel grafo 5
La struttura TOPSUB_60.g e' presente 1 volta nel grafo 6
La struttura TOPSUB_60.g e' presente 1 volta nel grafo 7
La struttura TOPSUB_60.g e' presente 1 volta nel grafo 8
La struttura TOPSUB_60.g e' presente 1 volta nel grafo 9
La struttura TOPSUB_60.g e' presente 1 volta nel grafo 10
La struttura TOPSUB_60.g e' presente 1 volta nel grafo 11
La struttura TOPSUB_60.g e' presente 1 volta nel grafo 12
La struttura TOPSUB_60.g e' presente 1 volta nel grafo 13
La struttura TOPSUB_60.g e' presente 1 volta nel grafo 14
La struttura TOPSUB_60.g e' presente 1 volta nel grafo 15
La struttura TOPSUB_60.g e' presente 0 volte nel grafo 16
La struttura TOPSUB_60.g e' presente 0 volte nel grafo 17
La struttura TOPSUB_60.g e' presente 1 volta nel grafo 18
La struttura TOPSUB_60.g e' presente 1 volta nel grafo 19
La struttura TOPSUB_60.g e' presente 1 volta nel grafo 20
La struttura TOPSUB_60.g e' presente 0 volte nel grafo 21

La rappresentativita' di TOPSUB_60.g su h110_labour_modello_coretto.g e' del: 80.952 %

La struttura TOPSUB_78.g e' presente 1 volta nel grafo 1
La struttura TOPSUB_78.g e' presente 0 volte nel grafo 2
La struttura TOPSUB_78.g e' presente 0 volte nel grafo 3
La struttura TOPSUB_78.g e' presente 0 volte nel grafo 4
La struttura TOPSUB_78.g e' presente 0 volte nel grafo 5
La struttura TOPSUB_78.g e' presente 0 volte nel grafo 6
La struttura TOPSUB_78.g e' presente 0 volte nel grafo 7
La struttura TOPSUB_78.g e' presente 0 volte nel grafo 8
La struttura TOPSUB_78.g e' presente 0 volte nel grafo 9
La struttura TOPSUB_78.g e' presente 0 volte nel grafo 10
La struttura TOPSUB_78.g e' presente 0 volte nel grafo 11
La struttura TOPSUB_78.g e' presente 0 volte nel grafo 12
La struttura TOPSUB_78.g e' presente 0 volte nel grafo 13
La struttura TOPSUB_78.g e' presente 0 volte nel grafo 14
La struttura TOPSUB_78.g e' presente 0 volte nel grafo 15
La struttura TOPSUB_78.g e' presente 0 volte nel grafo 16
La struttura TOPSUB_78.g e' presente 0 volte nel grafo 17
La struttura TOPSUB_78.g e' presente 0 volte nel grafo 18
La struttura TOPSUB_78.g e' presente 0 volte nel grafo 19
La struttura TOPSUB_78.g e' presente 0 volte nel grafo 20
La struttura TOPSUB_78.g e' presente 0 volte nel grafo 21

La rappresentativita' di TOPSUB_78.g su h110_labour_modello_coretto.g e' del: 4.762 %

La struttura TOPSUB_92.g e' presente 0 volte nel grafo 1
La struttura TOPSUB_92.g e' presente 0 volte nel grafo 2
La struttura TOPSUB_92.g e' presente 0 volte nel grafo 3
La struttura TOPSUB_92.g e' presente 1 volta nel grafo 4
La struttura TOPSUB_92.g e' presente 0 volte nel grafo 5
La struttura TOPSUB_92.g e' presente 0 volte nel grafo 6
La struttura TOPSUB_92.g e' presente 0 volte nel grafo 7
La struttura TOPSUB_92.g e' presente 0 volte nel grafo 8
La struttura TOPSUB_92.g e' presente 0 volte nel grafo 9
La struttura TOPSUB_92.g e' presente 0 volte nel grafo 10
La struttura TOPSUB_92.g e' presente 0 volte nel grafo 11
La struttura TOPSUB_92.g e' presente 0 volte nel grafo 12
La struttura TOPSUB_92.g e' presente 1 volta nel grafo 13
La struttura TOPSUB_92.g e' presente 0 volte nel grafo 14
La struttura TOPSUB_92.g e' presente 0 volte nel grafo 15
La struttura TOPSUB_92.g e' presente 0 volte nel grafo 16
La struttura TOPSUB_92.g e' presente 0 volte nel grafo 17
La struttura TOPSUB_92.g e' presente 0 volte nel grafo 18
La struttura TOPSUB_92.g e' presente 0 volte nel grafo 19
La struttura TOPSUB_92.g e' presente 0 volte nel grafo 20
La struttura TOPSUB_92.g e' presente 0 volte nel grafo 21

La rappresentativita' di TOPSUB_92.g su h110_labour_modello_coretto.g e' del: 9.524 %

La struttura TOPSUB_100.g e' presente 1 volta nel grafo 1
La struttura TOPSUB_100.g e' presente 0 volte nel grafo 2
La struttura TOPSUB_100.g e' presente 0 volte nel grafo 3
La struttura TOPSUB_100.g e' presente 1 volta nel grafo 4
La struttura TOPSUB_100.g e' presente 0 volte nel grafo 5
La struttura TOPSUB_100.g e' presente 1 volta nel grafo 6
La struttura TOPSUB_100.g e' presente 1 volta nel grafo 7
La struttura TOPSUB_100.g e' presente 1 volta nel grafo 8
La struttura TOPSUB_100.g e' presente 0 volte nel grafo 9
La struttura TOPSUB_100.g e' presente 0 volte nel grafo 10
La struttura TOPSUB_100.g e' presente 0 volte nel grafo 11
La struttura TOPSUB_100.g e' presente 1 volta nel grafo 12
La struttura TOPSUB_100.g e' presente 1 volta nel grafo 13
La struttura TOPSUB_100.g e' presente 2 volte nel grafo 14
La struttura TOPSUB_100.g e' presente 1 volta nel grafo 15
La struttura TOPSUB_100.g e' presente 1 volta nel grafo 16
La struttura TOPSUB_100.g e' presente 0 volte nel grafo 17
La struttura TOPSUB_100.g e' presente 0 volte nel grafo 18
La struttura TOPSUB_100.g e' presente 1 volta nel grafo 19
La struttura TOPSUB_100.g e' presente 0 volte nel grafo 20
La struttura TOPSUB_100.g e' presente 0 volte nel grafo 21

La rappresentativita' di TOPSUB_100.g su h110_labour_modello_coretto.g e' del: 52.381 %

La struttura TOPSUB_172.g e' presente 1 volta nel grafo 1
La struttura TOPSUB_172.g e' presente 1 volta nel grafo 2
La struttura TOPSUB_172.g e' presente 0 volte nel grafo 3
La struttura TOPSUB_172.g e' presente 1 volta nel grafo 4
La struttura TOPSUB_172.g e' presente 1 volta nel grafo 5
La struttura TOPSUB_172.g e' presente 1 volta nel grafo 6
La struttura TOPSUB_172.g e' presente 0 volte nel grafo 7
La struttura TOPSUB_172.g e' presente 1 volta nel grafo 8
La struttura TOPSUB_172.g e' presente 1 volta nel grafo 9
La struttura TOPSUB_172.g e' presente 1 volta nel grafo 10
La struttura TOPSUB_172.g e' presente 1 volta nel grafo 11
La struttura TOPSUB_172.g e' presente 0 volte nel grafo 12
La struttura TOPSUB_172.g e' presente 0 volte nel grafo 13
La struttura TOPSUB_172.g e' presente 1 volta nel grafo 14
La struttura TOPSUB_172.g e' presente 0 volte nel grafo 15
La struttura TOPSUB_172.g e' presente 0 volte nel grafo 16
La struttura TOPSUB_172.g e' presente 1 volta nel grafo 17
La struttura TOPSUB_172.g e' presente 0 volte nel grafo 18
La struttura TOPSUB_172.g e' presente 0 volte nel grafo 19
La struttura TOPSUB_172.g e' presente 1 volta nel grafo 20
La struttura TOPSUB_172.g e' presente 1 volta nel grafo 21

La rappresentativita' di TOPSUB_172.g su h110_labour_modello_coretto.g e' del: 61.905 %

La struttura TOPSUB_174.g e' presente 1 volta nel grafo 1
La struttura TOPSUB_174.g e' presente 1 volta nel grafo 2
La struttura TOPSUB_174.g e' presente 0 volte nel grafo 3
La struttura TOPSUB_174.g e' presente 1 volta nel grafo 4
La struttura TOPSUB_174.g e' presente 1 volta nel grafo 5
La struttura TOPSUB_174.g e' presente 1 volta nel grafo 6
La struttura TOPSUB_174.g e' presente 0 volte nel grafo 7
La struttura TOPSUB_174.g e' presente 1 volta nel grafo 8
La struttura TOPSUB_174.g e' presente 2 volte nel grafo 9
La struttura TOPSUB_174.g e' presente 1 volta nel grafo 10
La struttura TOPSUB_174.g e' presente 1 volta nel grafo 11
La struttura TOPSUB_174.g e' presente 0 volte nel grafo 12
La struttura TOPSUB_174.g e' presente 1 volta nel grafo 13
La struttura TOPSUB_174.g e' presente 1 volta nel grafo 14
La struttura TOPSUB_174.g e' presente 1 volta nel grafo 15
La struttura TOPSUB_174.g e' presente 0 volte nel grafo 16
La struttura TOPSUB_174.g e' presente 1 volta nel grafo 17
La struttura TOPSUB_174.g e' presente 0 volte nel grafo 18
La struttura TOPSUB_174.g e' presente 0 volte nel grafo 19
La struttura TOPSUB_174.g e' presente 1 volta nel grafo 20
La struttura TOPSUB_174.g e' presente 1 volta nel grafo 21

La rappresentativita' di TOPSUB_174.g su h110_labour_modello_coretto.g e' del: 71.429 %


Il calcolo della rappresentativita' ha richiesto circa 11 secondi
