Il file hh102_labour_modello_coretto.subs e' stato caricato
La struttura TOPSUB_1.g e' presente 0 volte nel grafo 1
La struttura TOPSUB_1.g e' presente 0 volte nel grafo 2
La struttura TOPSUB_1.g e' presente 0 volte nel grafo 3
La struttura TOPSUB_1.g e' presente 0 volte nel grafo 4
La struttura TOPSUB_1.g e' presente 1 volta nel grafo 5
La struttura TOPSUB_1.g e' presente 0 volte nel grafo 6
La struttura TOPSUB_1.g e' presente 0 volte nel grafo 7
La struttura TOPSUB_1.g e' presente 1 volta nel grafo 8
La struttura TOPSUB_1.g e' presente 1 volta nel grafo 9
La struttura TOPSUB_1.g e' presente 1 volta nel grafo 10
La struttura TOPSUB_1.g e' presente 1 volta nel grafo 11
La struttura TOPSUB_1.g e' presente 1 volta nel grafo 12
La struttura TOPSUB_1.g e' presente 1 volta nel grafo 13
La struttura TOPSUB_1.g e' presente 1 volta nel grafo 14

La rappresentativita' di TOPSUB_1.g su hh102_labour_modello_coretto.g e' del: 57.143 %

La struttura TOPSUB_2.g e' presente 0 volte nel grafo 1
La struttura TOPSUB_2.g e' presente 1 volta nel grafo 2
La struttura TOPSUB_2.g e' presente 1 volta nel grafo 3
La struttura TOPSUB_2.g e' presente 2 volte nel grafo 4
La struttura TOPSUB_2.g e' presente 0 volte nel grafo 5
La struttura TOPSUB_2.g e' presente 1 volta nel grafo 6
La struttura TOPSUB_2.g e' presente 2 volte nel grafo 7
La struttura TOPSUB_2.g e' presente 1 volta nel grafo 8
La struttura TOPSUB_2.g e' presente 0 volte nel grafo 9
La struttura TOPSUB_2.g e' presente 2 volte nel grafo 10
La struttura TOPSUB_2.g e' presente 1 volta nel grafo 11
La struttura TOPSUB_2.g e' presente 0 volte nel grafo 12
La struttura TOPSUB_2.g e' presente 0 volte nel grafo 13
La struttura TOPSUB_2.g e' presente 0 volte nel grafo 14

La rappresentativita' di TOPSUB_2.g su hh102_labour_modello_coretto.g e' del: 57.143 %

La struttura TOPSUB_3.g e' presente 1 volta nel grafo 1
La struttura TOPSUB_3.g e' presente 1 volta nel grafo 2
La struttura TOPSUB_3.g e' presente 0 volte nel grafo 3
La struttura TOPSUB_3.g e' presente 1 volta nel grafo 4
La struttura TOPSUB_3.g e' presente 1 volta nel grafo 5
La struttura TOPSUB_3.g e' presente 1 volta nel grafo 6
La struttura TOPSUB_3.g e' presente 1 volta nel grafo 7
La struttura TOPSUB_3.g e' presente 1 volta nel grafo 8
La struttura TOPSUB_3.g e' presente 1 volta nel grafo 9
La struttura TOPSUB_3.g e' presente 0 volte nel grafo 10
La struttura TOPSUB_3.g e' presente 0 volte nel grafo 11
La struttura TOPSUB_3.g e' presente 1 volta nel grafo 12
La struttura TOPSUB_3.g e' presente 1 volta nel grafo 13
La struttura TOPSUB_3.g e' presente 1 volta nel grafo 14

La rappresentativita' di TOPSUB_3.g su hh102_labour_modello_coretto.g e' del: 78.571 %

La struttura TOPSUB_4.g e' presente 1 volta nel grafo 1
La struttura TOPSUB_4.g e' presente 1 volta nel grafo 2
La struttura TOPSUB_4.g e' presente 0 volte nel grafo 3
La struttura TOPSUB_4.g e' presente 1 volta nel grafo 4
La struttura TOPSUB_4.g e' presente 0 volte nel grafo 5
La struttura TOPSUB_4.g e' presente 2 volte nel grafo 6
La struttura TOPSUB_4.g e' presente 1 volta nel grafo 7
La struttura TOPSUB_4.g e' presente 0 volte nel grafo 8
La struttura TOPSUB_4.g e' presente 0 volte nel grafo 9
La struttura TOPSUB_4.g e' presente 0 volte nel grafo 10
La struttura TOPSUB_4.g e' presente 1 volta nel grafo 11
La struttura TOPSUB_4.g e' presente 2 volte nel grafo 12
La struttura TOPSUB_4.g e' presente 3 volte nel grafo 13
La struttura TOPSUB_4.g e' presente 0 volte nel grafo 14

La rappresentativita' di TOPSUB_4.g su hh102_labour_modello_coretto.g e' del: 57.143 %

La struttura TOPSUB_5.g e' presente 1 volta nel grafo 1
La struttura TOPSUB_5.g e' presente 3 volte nel grafo 2
La struttura TOPSUB_5.g e' presente 2 volte nel grafo 3
La struttura TOPSUB_5.g e' presente 0 volte nel grafo 4
La struttura TOPSUB_5.g e' presente 1 volta nel grafo 5
La struttura TOPSUB_5.g e' presente 1 volta nel grafo 6
La struttura TOPSUB_5.g e' presente 0 volte nel grafo 7
La struttura TOPSUB_5.g e' presente 1 volta nel grafo 8
La struttura TOPSUB_5.g e' presente 2 volte nel grafo 9
La struttura TOPSUB_5.g e' presente 1 volta nel grafo 10
La struttura TOPSUB_5.g e' presente 1 volta nel grafo 11
La struttura TOPSUB_5.g e' presente 0 volte nel grafo 12
La struttura TOPSUB_5.g e' presente 0 volte nel grafo 13
La struttura TOPSUB_5.g e' presente 2 volte nel grafo 14

La rappresentativita' di TOPSUB_5.g su hh102_labour_modello_coretto.g e' del: 71.429 %

La struttura TOPSUB_6.g e' presente 3 volte nel grafo 1
La struttura TOPSUB_6.g e' presente 1 volta nel grafo 2
La struttura TOPSUB_6.g e' presente 1 volta nel grafo 3
La struttura TOPSUB_6.g e' presente 2 volte nel grafo 4
La struttura TOPSUB_6.g e' presente 1 volta nel grafo 5
La struttura TOPSUB_6.g e' presente 0 volte nel grafo 6
La struttura TOPSUB_6.g e' presente 1 volta nel grafo 7
La struttura TOPSUB_6.g e' presente 2 volte nel grafo 8
La struttura TOPSUB_6.g e' presente 2 volte nel grafo 9
La struttura TOPSUB_6.g e' presente 2 volte nel grafo 10
La struttura TOPSUB_6.g e' presente 2 volte nel grafo 11
La struttura TOPSUB_6.g e' presente 2 volte nel grafo 12
La struttura TOPSUB_6.g e' presente 2 volte nel grafo 13
La struttura TOPSUB_6.g e' presente 1 volta nel grafo 14

La rappresentativita' di TOPSUB_6.g su hh102_labour_modello_coretto.g e' del: 92.857 %

La struttura TOPSUB_7.g e' presente 0 volte nel grafo 1
La struttura TOPSUB_7.g e' presente 0 volte nel grafo 2
La struttura TOPSUB_7.g e' presente 1 volta nel grafo 3
La struttura TOPSUB_7.g e' presente 0 volte nel grafo 4
La struttura TOPSUB_7.g e' presente 0 volte nel grafo 5
La struttura TOPSUB_7.g e' presente 1 volta nel grafo 6
La struttura TOPSUB_7.g e' presente 4 volte nel grafo 7
La struttura TOPSUB_7.g e' presente 1 volta nel grafo 8
La struttura TOPSUB_7.g e' presente 1 volta nel grafo 9
La struttura TOPSUB_7.g e' presente 0 volte nel grafo 10
La struttura TOPSUB_7.g e' presente 1 volta nel grafo 11
La struttura TOPSUB_7.g e' presente 1 volta nel grafo 12
La struttura TOPSUB_7.g e' presente 0 volte nel grafo 13
La struttura TOPSUB_7.g e' presente 0 volte nel grafo 14

La rappresentativita' di TOPSUB_7.g su hh102_labour_modello_coretto.g e' del: 50.000 %

La struttura TOPSUB_8.g e' presente 0 volte nel grafo 1
La struttura TOPSUB_8.g e' presente 1 volta nel grafo 2
La struttura TOPSUB_8.g e' presente 0 volte nel grafo 3
La struttura TOPSUB_8.g e' presente 0 volte nel grafo 4
La struttura TOPSUB_8.g e' presente 1 volta nel grafo 5
La struttura TOPSUB_8.g e' presente 1 volta nel grafo 6
La struttura TOPSUB_8.g e' presente 1 volta nel grafo 7
La struttura TOPSUB_8.g e' presente 1 volta nel grafo 8
La struttura TOPSUB_8.g e' presente 1 volta nel grafo 9
La struttura TOPSUB_8.g e' presente 1 volta nel grafo 10
La struttura TOPSUB_8.g e' presente 2 volte nel grafo 11
La struttura TOPSUB_8.g e' presente 0 volte nel grafo 12
La struttura TOPSUB_8.g e' presente 1 volta nel grafo 13
La struttura TOPSUB_8.g e' presente 0 volte nel grafo 14

La rappresentativita' di TOPSUB_8.g su hh102_labour_modello_coretto.g e' del: 64.286 %

La struttura TOPSUB_9.g e' presente 3 volte nel grafo 1
La struttura TOPSUB_9.g e' presente 2 volte nel grafo 2
La struttura TOPSUB_9.g e' presente 1 volta nel grafo 3
La struttura TOPSUB_9.g e' presente 2 volte nel grafo 4
La struttura TOPSUB_9.g e' presente 0 volte nel grafo 5
La struttura TOPSUB_9.g e' presente 1 volta nel grafo 6
La struttura TOPSUB_9.g e' presente 2 volte nel grafo 7
La struttura TOPSUB_9.g e' presente 2 volte nel grafo 8
La struttura TOPSUB_9.g e' presente 0 volte nel grafo 9
La struttura TOPSUB_9.g e' presente 2 volte nel grafo 10
La struttura TOPSUB_9.g e' presente 1 volta nel grafo 11
La struttura TOPSUB_9.g e' presente 0 volte nel grafo 12
La struttura TOPSUB_9.g e' presente 1 volta nel grafo 13
La struttura TOPSUB_9.g e' presente 2 volte nel grafo 14

La rappresentativita' di TOPSUB_9.g su hh102_labour_modello_coretto.g e' del: 78.571 %

La struttura TOPSUB_12.g e' presente 0 volte nel grafo 1
La struttura TOPSUB_12.g e' presente 0 volte nel grafo 2
La struttura TOPSUB_12.g e' presente 0 volte nel grafo 3
La struttura TOPSUB_12.g e' presente 1 volta nel grafo 4
La struttura TOPSUB_12.g e' presente 0 volte nel grafo 5
La struttura TOPSUB_12.g e' presente 0 volte nel grafo 6
La struttura TOPSUB_12.g e' presente 1 volta nel grafo 7
La struttura TOPSUB_12.g e' presente 0 volte nel grafo 8
La struttura TOPSUB_12.g e' presente 1 volta nel grafo 9
La struttura TOPSUB_12.g e' presente 1 volta nel grafo 10
La struttura TOPSUB_12.g e' presente 0 volte nel grafo 11
La struttura TOPSUB_12.g e' presente 1 volta nel grafo 12
La struttura TOPSUB_12.g e' presente 0 volte nel grafo 13
La struttura TOPSUB_12.g e' presente 1 volta nel grafo 14

La rappresentativita' di TOPSUB_12.g su hh102_labour_modello_coretto.g e' del: 42.857 %

La struttura TOPSUB_14.g e' presente 0 volte nel grafo 1
La struttura TOPSUB_14.g e' presente 0 volte nel grafo 2
La struttura TOPSUB_14.g e' presente 2 volte nel grafo 3
La struttura TOPSUB_14.g e' presente 0 volte nel grafo 4
La struttura TOPSUB_14.g e' presente 0 volte nel grafo 5
La struttura TOPSUB_14.g e' presente 0 volte nel grafo 6
La struttura TOPSUB_14.g e' presente 0 volte nel grafo 7
La struttura TOPSUB_14.g e' presente 0 volte nel grafo 8
La struttura TOPSUB_14.g e' presente 1 volta nel grafo 9
La struttura TOPSUB_14.g e' presente 0 volte nel grafo 10
La struttura TOPSUB_14.g e' presente 0 volte nel grafo 11
La struttura TOPSUB_14.g e' presente 0 volte nel grafo 12
La struttura TOPSUB_14.g e' presente 0 volte nel grafo 13
La struttura TOPSUB_14.g e' presente 0 volte nel grafo 14

La rappresentativita' di TOPSUB_14.g su hh102_labour_modello_coretto.g e' del: 14.286 %

La struttura TOPSUB_15.g e' presente 0 volte nel grafo 1
La struttura TOPSUB_15.g e' presente 0 volte nel grafo 2
La struttura TOPSUB_15.g e' presente 0 volte nel grafo 3
La struttura TOPSUB_15.g e' presente 1 volta nel grafo 4
La struttura TOPSUB_15.g e' presente 0 volte nel grafo 5
La struttura TOPSUB_15.g e' presente 0 volte nel grafo 6
La struttura TOPSUB_15.g e' presente 0 volte nel grafo 7
La struttura TOPSUB_15.g e' presente 1 volta nel grafo 8
La struttura TOPSUB_15.g e' presente 0 volte nel grafo 9
La struttura TOPSUB_15.g e' presente 0 volte nel grafo 10
La struttura TOPSUB_15.g e' presente 0 volte nel grafo 11
La struttura TOPSUB_15.g e' presente 1 volta nel grafo 12
La struttura TOPSUB_15.g e' presente 1 volta nel grafo 13
La struttura TOPSUB_15.g e' presente 0 volte nel grafo 14

La rappresentativita' di TOPSUB_15.g su hh102_labour_modello_coretto.g e' del: 28.571 %

La struttura TOPSUB_17.g e' presente 0 volte nel grafo 1
La struttura TOPSUB_17.g e' presente 0 volte nel grafo 2
La struttura TOPSUB_17.g e' presente 0 volte nel grafo 3
La struttura TOPSUB_17.g e' presente 0 volte nel grafo 4
La struttura TOPSUB_17.g e' presente 0 volte nel grafo 5
La struttura TOPSUB_17.g e' presente 0 volte nel grafo 6
La struttura TOPSUB_17.g e' presente 0 volte nel grafo 7
La struttura TOPSUB_17.g e' presente 0 volte nel grafo 8
La struttura TOPSUB_17.g e' presente 2 volte nel grafo 9
La struttura TOPSUB_17.g e' presente 0 volte nel grafo 10
La struttura TOPSUB_17.g e' presente 0 volte nel grafo 11
La struttura TOPSUB_17.g e' presente 0 volte nel grafo 12
La struttura TOPSUB_17.g e' presente 0 volte nel grafo 13
La struttura TOPSUB_17.g e' presente 0 volte nel grafo 14

La rappresentativita' di TOPSUB_17.g su hh102_labour_modello_coretto.g e' del: 7.143 %

La struttura TOPSUB_18.g e' presente 0 volte nel grafo 1
La struttura TOPSUB_18.g e' presente 0 volte nel grafo 2
La struttura TOPSUB_18.g e' presente 0 volte nel grafo 3
La struttura TOPSUB_18.g e' presente 0 volte nel grafo 4
La struttura TOPSUB_18.g e' presente 1 volta nel grafo 5
La struttura TOPSUB_18.g e' presente 0 volte nel grafo 6
La struttura TOPSUB_18.g e' presente 1 volta nel grafo 7
La struttura TOPSUB_18.g e' presente 0 volte nel grafo 8
La struttura TOPSUB_18.g e' presente 0 volte nel grafo 9
La struttura TOPSUB_18.g e' presente 0 volte nel grafo 10
La struttura TOPSUB_18.g e' presente 3 volte nel grafo 11
La struttura TOPSUB_18.g e' presente 0 volte nel grafo 12
La struttura TOPSUB_18.g e' presente 0 volte nel grafo 13
La struttura TOPSUB_18.g e' presente 0 volte nel grafo 14

La rappresentativita' di TOPSUB_18.g su hh102_labour_modello_coretto.g e' del: 21.429 %

La struttura TOPSUB_20.g e' presente 1 volta nel grafo 1
La struttura TOPSUB_20.g e' presente 1 volta nel grafo 2
La struttura TOPSUB_20.g e' presente 1 volta nel grafo 3
La struttura TOPSUB_20.g e' presente 1 volta nel grafo 4
La struttura TOPSUB_20.g e' presente 1 volta nel grafo 5
La struttura TOPSUB_20.g e' presente 1 volta nel grafo 6
La struttura TOPSUB_20.g e' presente 1 volta nel grafo 7
La struttura TOPSUB_20.g e' presente 1 volta nel grafo 8
La struttura TOPSUB_20.g e' presente 1 volta nel grafo 9
La struttura TOPSUB_20.g e' presente 1 volta nel grafo 10
La struttura TOPSUB_20.g e' presente 1 volta nel grafo 11
La struttura TOPSUB_20.g e' presente 1 volta nel grafo 12
La struttura TOPSUB_20.g e' presente 1 volta nel grafo 13
La struttura TOPSUB_20.g e' presente 1 volta nel grafo 14

La rappresentativita' di TOPSUB_20.g su hh102_labour_modello_coretto.g e' del: 100.000 %

La struttura TOPSUB_21.g e' presente 2 volte nel grafo 1
La struttura TOPSUB_21.g e' presente 0 volte nel grafo 2
La struttura TOPSUB_21.g e' presente 0 volte nel grafo 3
La struttura TOPSUB_21.g e' presente 0 volte nel grafo 4
La struttura TOPSUB_21.g e' presente 1 volta nel grafo 5
La struttura TOPSUB_21.g e' presente 0 volte nel grafo 6
La struttura TOPSUB_21.g e' presente 0 volte nel grafo 7
La struttura TOPSUB_21.g e' presente 0 volte nel grafo 8
La struttura TOPSUB_21.g e' presente 0 volte nel grafo 9
La struttura TOPSUB_21.g e' presente 0 volte nel grafo 10
La struttura TOPSUB_21.g e' presente 0 volte nel grafo 11
La struttura TOPSUB_21.g e' presente 1 volta nel grafo 12
La struttura TOPSUB_21.g e' presente 0 volte nel grafo 13
La struttura TOPSUB_21.g e' presente 1 volta nel grafo 14

La rappresentativita' di TOPSUB_21.g su hh102_labour_modello_coretto.g e' del: 28.571 %

La struttura TOPSUB_23.g e' presente 1 volta nel grafo 1
La struttura TOPSUB_23.g e' presente 0 volte nel grafo 2
La struttura TOPSUB_23.g e' presente 0 volte nel grafo 3
La struttura TOPSUB_23.g e' presente 0 volte nel grafo 4
La struttura TOPSUB_23.g e' presente 0 volte nel grafo 5
La struttura TOPSUB_23.g e' presente 0 volte nel grafo 6
La struttura TOPSUB_23.g e' presente 0 volte nel grafo 7
La struttura TOPSUB_23.g e' presente 0 volte nel grafo 8
La struttura TOPSUB_23.g e' presente 1 volta nel grafo 9
La struttura TOPSUB_23.g e' presente 1 volta nel grafo 10
La struttura TOPSUB_23.g e' presente 0 volte nel grafo 11
La struttura TOPSUB_23.g e' presente 0 volte nel grafo 12
La struttura TOPSUB_23.g e' presente 1 volta nel grafo 13
La struttura TOPSUB_23.g e' presente 0 volte nel grafo 14

La rappresentativita' di TOPSUB_23.g su hh102_labour_modello_coretto.g e' del: 28.571 %

La struttura TOPSUB_24.g e' presente 0 volte nel grafo 1
La struttura TOPSUB_24.g e' presente 0 volte nel grafo 2
La struttura TOPSUB_24.g e' presente 0 volte nel grafo 3
La struttura TOPSUB_24.g e' presente 0 volte nel grafo 4
La struttura TOPSUB_24.g e' presente 1 volta nel grafo 5
La struttura TOPSUB_24.g e' presente 0 volte nel grafo 6
La struttura TOPSUB_24.g e' presente 0 volte nel grafo 7
La struttura TOPSUB_24.g e' presente 2 volte nel grafo 8
La struttura TOPSUB_24.g e' presente 1 volta nel grafo 9
La struttura TOPSUB_24.g e' presente 0 volte nel grafo 10
La struttura TOPSUB_24.g e' presente 0 volte nel grafo 11
La struttura TOPSUB_24.g e' presente 0 volte nel grafo 12
La struttura TOPSUB_24.g e' presente 0 volte nel grafo 13
La struttura TOPSUB_24.g e' presente 1 volta nel grafo 14

La rappresentativita' di TOPSUB_24.g su hh102_labour_modello_coretto.g e' del: 28.571 %

La struttura TOPSUB_38.g e' presente 0 volte nel grafo 1
La struttura TOPSUB_38.g e' presente 0 volte nel grafo 2
La struttura TOPSUB_38.g e' presente 0 volte nel grafo 3
La struttura TOPSUB_38.g e' presente 1 volta nel grafo 4
La struttura TOPSUB_38.g e' presente 1 volta nel grafo 5
La struttura TOPSUB_38.g e' presente 0 volte nel grafo 6
La struttura TOPSUB_38.g e' presente 0 volte nel grafo 7
La struttura TOPSUB_38.g e' presente 2 volte nel grafo 8
La struttura TOPSUB_38.g e' presente 1 volta nel grafo 9
La struttura TOPSUB_38.g e' presente 1 volta nel grafo 10
La struttura TOPSUB_38.g e' presente 0 volte nel grafo 11
La struttura TOPSUB_38.g e' presente 1 volta nel grafo 12
La struttura TOPSUB_38.g e' presente 0 volte nel grafo 13
La struttura TOPSUB_38.g e' presente 0 volte nel grafo 14

La rappresentativita' di TOPSUB_38.g su hh102_labour_modello_coretto.g e' del: 42.857 %

La struttura TOPSUB_39.g e' presente 0 volte nel grafo 1
La struttura TOPSUB_39.g e' presente 0 volte nel grafo 2
La struttura TOPSUB_39.g e' presente 0 volte nel grafo 3
La struttura TOPSUB_39.g e' presente 0 volte nel grafo 4
La struttura TOPSUB_39.g e' presente 0 volte nel grafo 5
La struttura TOPSUB_39.g e' presente 0 volte nel grafo 6
La struttura TOPSUB_39.g e' presente 0 volte nel grafo 7
La struttura TOPSUB_39.g e' presente 0 volte nel grafo 8
La struttura TOPSUB_39.g e' presente 0 volte nel grafo 9
La struttura TOPSUB_39.g e' presente 0 volte nel grafo 10
La struttura TOPSUB_39.g e' presente 0 volte nel grafo 11
La struttura TOPSUB_39.g e' presente 2 volte nel grafo 12
La struttura TOPSUB_39.g e' presente 0 volte nel grafo 13
La struttura TOPSUB_39.g e' presente 0 volte nel grafo 14

La rappresentativita' di TOPSUB_39.g su hh102_labour_modello_coretto.g e' del: 7.143 %

La struttura TOPSUB_41.g e' presente 0 volte nel grafo 1
La struttura TOPSUB_41.g e' presente 1 volta nel grafo 2
La struttura TOPSUB_41.g e' presente 0 volte nel grafo 3
La struttura TOPSUB_41.g e' presente 0 volte nel grafo 4
La struttura TOPSUB_41.g e' presente 0 volte nel grafo 5
La struttura TOPSUB_41.g e' presente 1 volta nel grafo 6
La struttura TOPSUB_41.g e' presente 0 volte nel grafo 7
La struttura TOPSUB_41.g e' presente 0 volte nel grafo 8
La struttura TOPSUB_41.g e' presente 0 volte nel grafo 9
La struttura TOPSUB_41.g e' presente 0 volte nel grafo 10
La struttura TOPSUB_41.g e' presente 1 volta nel grafo 11
La struttura TOPSUB_41.g e' presente 0 volte nel grafo 12
La struttura TOPSUB_41.g e' presente 0 volte nel grafo 13
La struttura TOPSUB_41.g e' presente 0 volte nel grafo 14

La rappresentativita' di TOPSUB_41.g su hh102_labour_modello_coretto.g e' del: 21.429 %

La struttura TOPSUB_42.g e' presente 0 volte nel grafo 1
La struttura TOPSUB_42.g e' presente 0 volte nel grafo 2
La struttura TOPSUB_42.g e' presente 1 volta nel grafo 3
La struttura TOPSUB_42.g e' presente 0 volte nel grafo 4
La struttura TOPSUB_42.g e' presente 0 volte nel grafo 5
La struttura TOPSUB_42.g e' presente 1 volta nel grafo 6
La struttura TOPSUB_42.g e' presente 0 volte nel grafo 7
La struttura TOPSUB_42.g e' presente 0 volte nel grafo 8
La struttura TOPSUB_42.g e' presente 2 volte nel grafo 9
La struttura TOPSUB_42.g e' presente 0 volte nel grafo 10
La struttura TOPSUB_42.g e' presente 0 volte nel grafo 11
La struttura TOPSUB_42.g e' presente 1 volta nel grafo 12
La struttura TOPSUB_42.g e' presente 1 volta nel grafo 13
La struttura TOPSUB_42.g e' presente 0 volte nel grafo 14

La rappresentativita' di TOPSUB_42.g su hh102_labour_modello_coretto.g e' del: 35.714 %

La struttura TOPSUB_108.g e' presente 0 volte nel grafo 1
La struttura TOPSUB_108.g e' presente 1 volta nel grafo 2
La struttura TOPSUB_108.g e' presente 1 volta nel grafo 3
La struttura TOPSUB_108.g e' presente 0 volte nel grafo 4
La struttura TOPSUB_108.g e' presente 1 volta nel grafo 5
La struttura TOPSUB_108.g e' presente 1 volta nel grafo 6
La struttura TOPSUB_108.g e' presente 1 volta nel grafo 7
La struttura TOPSUB_108.g e' presente 1 volta nel grafo 8
La struttura TOPSUB_108.g e' presente 1 volta nel grafo 9
La struttura TOPSUB_108.g e' presente 1 volta nel grafo 10
La struttura TOPSUB_108.g e' presente 1 volta nel grafo 11
La struttura TOPSUB_108.g e' presente 1 volta nel grafo 12
La struttura TOPSUB_108.g e' presente 1 volta nel grafo 13
La struttura TOPSUB_108.g e' presente 1 volta nel grafo 14

La rappresentativita' di TOPSUB_108.g su hh102_labour_modello_coretto.g e' del: 85.714 %

La struttura TOPSUB_138.g e' presente 1 volta nel grafo 1
La struttura TOPSUB_138.g e' presente 0 volte nel grafo 2
La struttura TOPSUB_138.g e' presente 0 volte nel grafo 3
La struttura TOPSUB_138.g e' presente 0 volte nel grafo 4
La struttura TOPSUB_138.g e' presente 0 volte nel grafo 5
La struttura TOPSUB_138.g e' presente 0 volte nel grafo 6
La struttura TOPSUB_138.g e' presente 0 volte nel grafo 7
La struttura TOPSUB_138.g e' presente 0 volte nel grafo 8
La struttura TOPSUB_138.g e' presente 0 volte nel grafo 9
La struttura TOPSUB_138.g e' presente 0 volte nel grafo 10
La struttura TOPSUB_138.g e' presente 0 volte nel grafo 11
La struttura TOPSUB_138.g e' presente 0 volte nel grafo 12
La struttura TOPSUB_138.g e' presente 0 volte nel grafo 13
La struttura TOPSUB_138.g e' presente 0 volte nel grafo 14

La rappresentativita' di TOPSUB_138.g su hh102_labour_modello_coretto.g e' del: 7.143 %

La struttura TOPSUB_140.g e' presente 1 volta nel grafo 1
La struttura TOPSUB_140.g e' presente 0 volte nel grafo 2
La struttura TOPSUB_140.g e' presente 0 volte nel grafo 3
La struttura TOPSUB_140.g e' presente 0 volte nel grafo 4
La struttura TOPSUB_140.g e' presente 0 volte nel grafo 5
La struttura TOPSUB_140.g e' presente 0 volte nel grafo 6
La struttura TOPSUB_140.g e' presente 0 volte nel grafo 7
La struttura TOPSUB_140.g e' presente 0 volte nel grafo 8
La struttura TOPSUB_140.g e' presente 0 volte nel grafo 9
La struttura TOPSUB_140.g e' presente 0 volte nel grafo 10
La struttura TOPSUB_140.g e' presente 0 volte nel grafo 11
La struttura TOPSUB_140.g e' presente 0 volte nel grafo 12
La struttura TOPSUB_140.g e' presente 0 volte nel grafo 13
La struttura TOPSUB_140.g e' presente 0 volte nel grafo 14

La rappresentativita' di TOPSUB_140.g su hh102_labour_modello_coretto.g e' del: 7.143 %

La struttura TOPSUB_156.g e' presente 0 volte nel grafo 1
La struttura TOPSUB_156.g e' presente 0 volte nel grafo 2
La struttura TOPSUB_156.g e' presente 1 volta nel grafo 3
La struttura TOPSUB_156.g e' presente 1 volta nel grafo 4
La struttura TOPSUB_156.g e' presente 0 volte nel grafo 5
La struttura TOPSUB_156.g e' presente 0 volte nel grafo 6
La struttura TOPSUB_156.g e' presente 0 volte nel grafo 7
La struttura TOPSUB_156.g e' presente 0 volte nel grafo 8
La struttura TOPSUB_156.g e' presente 0 volte nel grafo 9
La struttura TOPSUB_156.g e' presente 0 volte nel grafo 10
La struttura TOPSUB_156.g e' presente 0 volte nel grafo 11
La struttura TOPSUB_156.g e' presente 0 volte nel grafo 12
La struttura TOPSUB_156.g e' presente 0 volte nel grafo 13
La struttura TOPSUB_156.g e' presente 0 volte nel grafo 14

La rappresentativita' di TOPSUB_156.g su hh102_labour_modello_coretto.g e' del: 14.286 %

La struttura TOPSUB_157.g e' presente 0 volte nel grafo 1
La struttura TOPSUB_157.g e' presente 0 volte nel grafo 2
La struttura TOPSUB_157.g e' presente 2 volte nel grafo 3
La struttura TOPSUB_157.g e' presente 0 volte nel grafo 4
La struttura TOPSUB_157.g e' presente 1 volta nel grafo 5
La struttura TOPSUB_157.g e' presente 0 volte nel grafo 6
La struttura TOPSUB_157.g e' presente 0 volte nel grafo 7
La struttura TOPSUB_157.g e' presente 0 volte nel grafo 8
La struttura TOPSUB_157.g e' presente 1 volta nel grafo 9
La struttura TOPSUB_157.g e' presente 0 volte nel grafo 10
La struttura TOPSUB_157.g e' presente 0 volte nel grafo 11
La struttura TOPSUB_157.g e' presente 1 volta nel grafo 12
La struttura TOPSUB_157.g e' presente 0 volte nel grafo 13
La struttura TOPSUB_157.g e' presente 0 volte nel grafo 14

La rappresentativita' di TOPSUB_157.g su hh102_labour_modello_coretto.g e' del: 28.571 %

La struttura TOPSUB_159.g e' presente 4 volte nel grafo 1
La struttura TOPSUB_159.g e' presente 2 volte nel grafo 2
La struttura TOPSUB_159.g e' presente 2 volte nel grafo 3
La struttura TOPSUB_159.g e' presente 1 volta nel grafo 4
La struttura TOPSUB_159.g e' presente 1 volta nel grafo 5
La struttura TOPSUB_159.g e' presente 0 volte nel grafo 6
La struttura TOPSUB_159.g e' presente 1 volta nel grafo 7
La struttura TOPSUB_159.g e' presente 1 volta nel grafo 8
La struttura TOPSUB_159.g e' presente 2 volte nel grafo 9
La struttura TOPSUB_159.g e' presente 2 volte nel grafo 10
La struttura TOPSUB_159.g e' presente 1 volta nel grafo 11
La struttura TOPSUB_159.g e' presente 1 volta nel grafo 12
La struttura TOPSUB_159.g e' presente 1 volta nel grafo 13
La struttura TOPSUB_159.g e' presente 1 volta nel grafo 14

La rappresentativita' di TOPSUB_159.g su hh102_labour_modello_coretto.g e' del: 92.857 %


Il calcolo della rappresentativita' ha richiesto circa 8 secondi
